This file contains any messages produced by compilers while
running configure, to aid debugging if configure makes a mistake.

It was created by Zcoin Core configure 0.13.2, which was
generated by GNU Autoconf 2.69.  Invocation command line was

  $ ./configure --disable-hardening --enable-debug

## --------- ##
## Platform. ##
## --------- ##

hostname = ubuntu
uname -m = x86_64
uname -r = 4.4.0-97-generic
uname -s = Linux
uname -v = #120-Ubuntu SMP Tue Sep 19 17:28:18 UTC 2017

/usr/bin/uname -p = unknown
/bin/uname -X     = unknown

/bin/arch              = unknown
/usr/bin/arch -k       = unknown
/usr/convex/getsysinfo = unknown
/usr/bin/hostinfo      = unknown
/bin/machine           = unknown
/usr/bin/oslevel       = unknown
/bin/universe          = unknown

PATH: /home/bushido/.nvm/versions/node/v6.3.1/bin
PATH: /usr/local/sbin
PATH: /usr/local/bin
PATH: /usr/sbin
PATH: /usr/bin
PATH: /sbin
PATH: /bin
PATH: /usr/games
PATH: /usr/local/games
PATH: /snap/bin
PATH: /usr/lib/jvm/java-8-oracle/bin
PATH: /usr/lib/jvm/java-8-oracle/db/bin
PATH: /usr/lib/jvm/java-8-oracle/jre/bin
PATH: /bin
PATH: /home/bushido/go/bin


## ----------- ##
## Core tests. ##
## ----------- ##

configure:2991: checking build system type
configure:3005: result: x86_64-pc-linux-gnu
configure:3025: checking host system type
configure:3038: result: x86_64-pc-linux-gnu
configure:3081: checking for a BSD-compatible install
configure:3149: result: /usr/bin/install -c
configure:3160: checking whether build environment is sane
configure:3215: result: yes
configure:3366: checking for a thread-safe mkdir -p
configure:3405: result: /bin/mkdir -p
configure:3412: checking for gawk
configure:3442: result: no
configure:3412: checking for mawk
configure:3428: found /usr/bin/mawk
configure:3439: result: mawk
configure:3450: checking whether make sets $(MAKE)
configure:3472: result: yes
configure:3501: checking whether make supports nested variables
configure:3518: result: yes
configure:3637: checking whether to enable maintainer-specific portions of Makefiles
configure:3646: result: yes
configure:3671: checking whether make supports nested variables
configure:3688: result: yes
configure:3763: checking for g++
configure:3779: found /usr/bin/g++
configure:3790: result: g++
configure:3817: checking for C++ compiler version
configure:3826: g++ --version >&5
g++ (Ubuntu 5.4.0-6ubuntu1~16.04.4) 5.4.0 20160609
Copyright (C) 2015 Free Software Foundation, Inc.
This is free software; see the source for copying conditions.  There is NO
warranty; not even for MERCHANTABILITY or FITNESS FOR A PARTICULAR PURPOSE.

configure:3837: $? = 0
configure:3826: g++ -v >&5
Using built-in specs.
COLLECT_GCC=g++
COLLECT_LTO_WRAPPER=/usr/lib/gcc/x86_64-linux-gnu/5/lto-wrapper
Target: x86_64-linux-gnu
Configured with: ../src/configure -v --with-pkgversion='Ubuntu 5.4.0-6ubuntu1~16.04.4' --with-bugurl=file:///usr/share/doc/gcc-5/README.Bugs --enable-languages=c,ada,c++,java,go,d,fortran,objc,obj-c++ --prefix=/usr --program-suffix=-5 --enable-shared --enable-linker-build-id --libexecdir=/usr/lib --without-included-gettext --enable-threads=posix --libdir=/usr/lib --enable-nls --with-sysroot=/ --enable-clocale=gnu --enable-libstdcxx-debug --enable-libstdcxx-time=yes --with-default-libstdcxx-abi=new --enable-gnu-unique-object --disable-vtable-verify --enable-libmpx --enable-plugin --with-system-zlib --disable-browser-plugin --enable-java-awt=gtk --enable-gtk-cairo --with-java-home=/usr/lib/jvm/java-1.5.0-gcj-5-amd64/jre --enable-java-home --with-jvm-root-dir=/usr/lib/jvm/java-1.5.0-gcj-5-amd64 --with-jvm-jar-dir=/usr/lib/jvm-exports/java-1.5.0-gcj-5-amd64 --with-arch-directory=amd64 --with-ecj-jar=/usr/share/java/eclipse-ecj.jar --enable-objc-gc --enable-multiarch --disable-werror --with-arch-32=i686 --with-abi=m64 --with-multilib-list=m32,m64,mx32 --enable-multilib --with-tune=generic --enable-checking=release --build=x86_64-linux-gnu --host=x86_64-linux-gnu --target=x86_64-linux-gnu
Thread model: posix
gcc version 5.4.0 20160609 (Ubuntu 5.4.0-6ubuntu1~16.04.4) 
configure:3837: $? = 0
configure:3826: g++ -V >&5
g++: error: unrecognized command line option '-V'
g++: fatal error: no input files
compilation terminated.
configure:3837: $? = 1
configure:3826: g++ -qversion >&5
g++: error: unrecognized command line option '-qversion'
g++: fatal error: no input files
compilation terminated.
configure:3837: $? = 1
configure:3857: checking whether the C++ compiler works
configure:3879: g++    conftest.cpp  >&5
configure:3883: $? = 0
configure:3931: result: yes
configure:3934: checking for C++ compiler default output file name
configure:3936: result: a.out
configure:3942: checking for suffix of executables
configure:3949: g++ -o conftest    conftest.cpp  >&5
configure:3953: $? = 0
configure:3975: result: 
configure:3997: checking whether we are cross compiling
configure:4005: g++ -o conftest    conftest.cpp  >&5
configure:4009: $? = 0
configure:4016: ./conftest
configure:4020: $? = 0
configure:4035: result: no
configure:4040: checking for suffix of object files
configure:4062: g++ -c   conftest.cpp >&5
configure:4066: $? = 0
configure:4087: result: o
configure:4091: checking whether we are using the GNU C++ compiler
configure:4110: g++ -c   conftest.cpp >&5
configure:4110: $? = 0
configure:4119: result: yes
configure:4128: checking whether g++ accepts -g
configure:4148: g++ -c -g  conftest.cpp >&5
configure:4148: $? = 0
configure:4189: result: yes
configure:4223: checking for style of include used by make
configure:4251: result: GNU
configure:4277: checking dependency style of g++
configure:4388: result: gcc3
configure:4417: checking whether g++ supports C++11 features by default
configure:4711: g++ -c -g -O2  conftest.cpp >&5
conftest.cpp:20:2: error: #error "This is not a C++11 compiler"
 #error "This is not a C++11 compiler"
  ^
configure:4711: $? = 1
configure: failed program was:
| /* confdefs.h */
| #define PACKAGE_NAME "Zcoin Core"
| #define PACKAGE_TARNAME "zcoin"
| #define PACKAGE_VERSION "0.13.2"
| #define PACKAGE_STRING "Zcoin Core 0.13.2"
| #define PACKAGE_BUGREPORT "https://github.com/zcoinofficial/zcoin/issues"
| #define PACKAGE_URL "https://zcoin.io/"
| /* end confdefs.h.  */
| 
| 
| // If the compiler admits that it is not ready for C++11, why torture it?
| // Hopefully, this will speed up the test.
| 
| #ifndef __cplusplus
| 
| #error "This is not a C++ compiler"
| 
| #elif __cplusplus < 201103L
| 
| #error "This is not a C++11 compiler"
| 
| #else
| 
| namespace cxx11
| {
| 
|   namespace test_static_assert
|   {
| 
|     template <typename T>
|     struct check
|     {
|       static_assert(sizeof(int) <= sizeof(T), "not big enough");
|     };
| 
|   }
| 
|   namespace test_final_override
|   {
| 
|     struct Base
|     {
|       virtual void f() {}
|     };
| 
|     struct Derived : public Base
|     {
|       virtual void f() override {}
|     };
| 
|   }
| 
|   namespace test_double_right_angle_brackets
|   {
| 
|     template < typename T >
|     struct check {};
| 
|     typedef check<void> single_type;
|     typedef check<check<void>> double_type;
|     typedef check<check<check<void>>> triple_type;
|     typedef check<check<check<check<void>>>> quadruple_type;
| 
|   }
| 
|   namespace test_decltype
|   {
| 
|     int
|     f()
|     {
|       int a = 1;
|       decltype(a) b = 2;
|       return a + b;
|     }
| 
|   }
| 
|   namespace test_type_deduction
|   {
| 
|     template < typename T1, typename T2 >
|     struct is_same
|     {
|       static const bool value = false;
|     };
| 
|     template < typename T >
|     struct is_same<T, T>
|     {
|       static const bool value = true;
|     };
| 
|     template < typename T1, typename T2 >
|     auto
|     add(T1 a1, T2 a2) -> decltype(a1 + a2)
|     {
|       return a1 + a2;
|     }
| 
|     int
|     test(const int c, volatile int v)
|     {
|       static_assert(is_same<int, decltype(0)>::value == true, "");
|       static_assert(is_same<int, decltype(c)>::value == false, "");
|       static_assert(is_same<int, decltype(v)>::value == false, "");
|       auto ac = c;
|       auto av = v;
|       auto sumi = ac + av + 'x';
|       auto sumf = ac + av + 1.0;
|       static_assert(is_same<int, decltype(ac)>::value == true, "");
|       static_assert(is_same<int, decltype(av)>::value == true, "");
|       static_assert(is_same<int, decltype(sumi)>::value == true, "");
|       static_assert(is_same<int, decltype(sumf)>::value == false, "");
|       static_assert(is_same<int, decltype(add(c, v))>::value == true, "");
|       return (sumf > 0.0) ? sumi : add(c, v);
|     }
| 
|   }
| 
|   namespace test_noexcept
|   {
| 
|     int f() { return 0; }
|     int g() noexcept { return 0; }
| 
|     static_assert(noexcept(f()) == false, "");
|     static_assert(noexcept(g()) == true, "");
| 
|   }
| 
|   namespace test_constexpr
|   {
| 
|     template < typename CharT >
|     unsigned long constexpr
|     strlen_c_r(const CharT *const s, const unsigned long acc) noexcept
|     {
|       return *s ? strlen_c_r(s + 1, acc + 1) : acc;
|     }
| 
|     template < typename CharT >
|     unsigned long constexpr
|     strlen_c(const CharT *const s) noexcept
|     {
|       return strlen_c_r(s, 0UL);
|     }
| 
|     static_assert(strlen_c("") == 0UL, "");
|     static_assert(strlen_c("1") == 1UL, "");
|     static_assert(strlen_c("example") == 7UL, "");
|     static_assert(strlen_c("another\0example") == 7UL, "");
| 
|   }
| 
|   namespace test_rvalue_references
|   {
| 
|     template < int N >
|     struct answer
|     {
|       static constexpr int value = N;
|     };
| 
|     answer<1> f(int&)       { return answer<1>(); }
|     answer<2> f(const int&) { return answer<2>(); }
|     answer<3> f(int&&)      { return answer<3>(); }
| 
|     void
|     test()
|     {
|       int i = 0;
|       const int c = 0;
|       static_assert(decltype(f(i))::value == 1, "");
|       static_assert(decltype(f(c))::value == 2, "");
|       static_assert(decltype(f(0))::value == 3, "");
|     }
| 
|   }
| 
|   namespace test_uniform_initialization
|   {
| 
|     struct test
|     {
|       static const int zero {};
|       static const int one {1};
|     };
| 
|     static_assert(test::zero == 0, "");
|     static_assert(test::one == 1, "");
| 
|   }
| 
|   namespace test_lambdas
|   {
| 
|     void
|     test1()
|     {
|       auto lambda1 = [](){};
|       auto lambda2 = lambda1;
|       lambda1();
|       lambda2();
|     }
| 
|     int
|     test2()
|     {
|       auto a = [](int i, int j){ return i + j; }(1, 2);
|       auto b = []() -> int { return '0'; }();
|       auto c = [=](){ return a + b; }();
|       auto d = [&](){ return c; }();
|       auto e = [a, &b](int x) mutable {
|         const auto identity = [](int y){ return y; };
|         for (auto i = 0; i < a; ++i)
|           a += b--;
|         return x + identity(a + b);
|       }(0);
|       return a + b + c + d + e;
|     }
| 
|     int
|     test3()
|     {
|       const auto nullary = [](){ return 0; };
|       const auto unary = [](int x){ return x; };
|       using nullary_t = decltype(nullary);
|       using unary_t = decltype(unary);
|       const auto higher1st = [](nullary_t f){ return f(); };
|       const auto higher2nd = [unary](nullary_t f1){
|         return [unary, f1](unary_t f2){ return f2(unary(f1())); };
|       };
|       return higher1st(nullary) + higher2nd(nullary)(unary);
|     }
| 
|   }
| 
|   namespace test_variadic_templates
|   {
| 
|     template <int...>
|     struct sum;
| 
|     template <int N0, int... N1toN>
|     struct sum<N0, N1toN...>
|     {
|       static constexpr auto value = N0 + sum<N1toN...>::value;
|     };
| 
|     template <>
|     struct sum<>
|     {
|       static constexpr auto value = 0;
|     };
| 
|     static_assert(sum<>::value == 0, "");
|     static_assert(sum<1>::value == 1, "");
|     static_assert(sum<23>::value == 23, "");
|     static_assert(sum<1, 2>::value == 3, "");
|     static_assert(sum<5, 5, 11>::value == 21, "");
|     static_assert(sum<2, 3, 5, 7, 11, 13>::value == 41, "");
| 
|   }
| 
|   // http://stackoverflow.com/questions/13728184/template-aliases-and-sfinae
|   // Clang 3.1 fails with headers of libstd++ 4.8.3 when using std::function
|   // because of this.
|   namespace test_template_alias_sfinae
|   {
| 
|     struct foo {};
| 
|     template<typename T>
|     using member = typename T::member_type;
| 
|     template<typename T>
|     void func(...) {}
| 
|     template<typename T>
|     void func(member<T>*) {}
| 
|     void test();
| 
|     void test() { func<foo>(0); }
| 
|   }
| 
| }  // namespace cxx11
| 
| #endif  // __cplusplus >= 201103L
| 
| 
| 
configure:4718: result: no
configure:4729: checking whether g++ supports C++11 features with -std=c++11
configure:5025: g++ -std=c++11 -c -g -O2  conftest.cpp >&5
configure:5025: $? = 0
configure:5034: result: yes
configure:5078: checking whether std::atomic can be used without link library
configure:5096: g++ -std=c++11 -o conftest -g -O2   conftest.cpp  >&5
configure:5096: $? = 0
configure:5098: result: yes
configure:5263: checking for Objective C++ compiler version
configure:5272: g++ -std=c++11 --version >&5
g++ (Ubuntu 5.4.0-6ubuntu1~16.04.4) 5.4.0 20160609
Copyright (C) 2015 Free Software Foundation, Inc.
This is free software; see the source for copying conditions.  There is NO
warranty; not even for MERCHANTABILITY or FITNESS FOR A PARTICULAR PURPOSE.

configure:5283: $? = 0
configure:5272: g++ -std=c++11 -v >&5
Using built-in specs.
COLLECT_GCC=g++
COLLECT_LTO_WRAPPER=/usr/lib/gcc/x86_64-linux-gnu/5/lto-wrapper
Target: x86_64-linux-gnu
Configured with: ../src/configure -v --with-pkgversion='Ubuntu 5.4.0-6ubuntu1~16.04.4' --with-bugurl=file:///usr/share/doc/gcc-5/README.Bugs --enable-languages=c,ada,c++,java,go,d,fortran,objc,obj-c++ --prefix=/usr --program-suffix=-5 --enable-shared --enable-linker-build-id --libexecdir=/usr/lib --without-included-gettext --enable-threads=posix --libdir=/usr/lib --enable-nls --with-sysroot=/ --enable-clocale=gnu --enable-libstdcxx-debug --enable-libstdcxx-time=yes --with-default-libstdcxx-abi=new --enable-gnu-unique-object --disable-vtable-verify --enable-libmpx --enable-plugin --with-system-zlib --disable-browser-plugin --enable-java-awt=gtk --enable-gtk-cairo --with-java-home=/usr/lib/jvm/java-1.5.0-gcj-5-amd64/jre --enable-java-home --with-jvm-root-dir=/usr/lib/jvm/java-1.5.0-gcj-5-amd64 --with-jvm-jar-dir=/usr/lib/jvm-exports/java-1.5.0-gcj-5-amd64 --with-arch-directory=amd64 --with-ecj-jar=/usr/share/java/eclipse-ecj.jar --enable-objc-gc --enable-multiarch --disable-werror --with-arch-32=i686 --with-abi=m64 --with-multilib-list=m32,m64,mx32 --enable-multilib --with-tune=generic --enable-checking=release --build=x86_64-linux-gnu --host=x86_64-linux-gnu --target=x86_64-linux-gnu
Thread model: posix
gcc version 5.4.0 20160609 (Ubuntu 5.4.0-6ubuntu1~16.04.4) 
configure:5283: $? = 0
configure:5272: g++ -std=c++11 -V >&5
g++: error: unrecognized command line option '-V'
g++: fatal error: no input files
compilation terminated.
configure:5283: $? = 1
configure:5272: g++ -std=c++11 -qversion >&5
g++: error: unrecognized command line option '-qversion'
g++: fatal error: no input files
compilation terminated.
configure:5283: $? = 1
configure:5287: checking whether we are using the GNU Objective C++ compiler
configure:5306: g++ -std=c++11 -c   conftest.mm >&5
g++: error trying to exec 'cc1objplus': execvp: No such file or directory
configure:5306: $? = 1
configure: failed program was:
| /* confdefs.h */
| #define PACKAGE_NAME "Zcoin Core"
| #define PACKAGE_TARNAME "zcoin"
| #define PACKAGE_VERSION "0.13.2"
| #define PACKAGE_STRING "Zcoin Core 0.13.2"
| #define PACKAGE_BUGREPORT "https://github.com/zcoinofficial/zcoin/issues"
| #define PACKAGE_URL "https://zcoin.io/"
| #define HAVE_CXX11 1
| /* end confdefs.h.  */
| 
| int
| main ()
| {
| #ifndef __GNUC__
|        choke me
| #endif
| 
|   ;
|   return 0;
| }
configure:5315: result: no
configure:5324: checking whether g++ -std=c++11 accepts -g
configure:5344: g++ -std=c++11 -c -g  conftest.mm >&5
g++: error trying to exec 'cc1objplus': execvp: No such file or directory
configure:5344: $? = 1
configure: failed program was:
| /* confdefs.h */
| #define PACKAGE_NAME "Zcoin Core"
| #define PACKAGE_TARNAME "zcoin"
| #define PACKAGE_VERSION "0.13.2"
| #define PACKAGE_STRING "Zcoin Core 0.13.2"
| #define PACKAGE_BUGREPORT "https://github.com/zcoinofficial/zcoin/issues"
| #define PACKAGE_URL "https://zcoin.io/"
| #define HAVE_CXX11 1
| /* end confdefs.h.  */
| 
| int
| main ()
| {
| 
|   ;
|   return 0;
| }
configure:5359: g++ -std=c++11 -c   conftest.mm >&5
g++: error trying to exec 'cc1objplus': execvp: No such file or directory
configure:5359: $? = 1
configure: failed program was:
| /* confdefs.h */
| #define PACKAGE_NAME "Zcoin Core"
| #define PACKAGE_TARNAME "zcoin"
| #define PACKAGE_VERSION "0.13.2"
| #define PACKAGE_STRING "Zcoin Core 0.13.2"
| #define PACKAGE_BUGREPORT "https://github.com/zcoinofficial/zcoin/issues"
| #define PACKAGE_URL "https://zcoin.io/"
| #define HAVE_CXX11 1
| /* end confdefs.h.  */
| 
| int
| main ()
| {
| 
|   ;
|   return 0;
| }
configure:5375: g++ -std=c++11 -c -g  conftest.mm >&5
g++: error trying to exec 'cc1objplus': execvp: No such file or directory
configure:5375: $? = 1
configure: failed program was:
| /* confdefs.h */
| #define PACKAGE_NAME "Zcoin Core"
| #define PACKAGE_TARNAME "zcoin"
| #define PACKAGE_VERSION "0.13.2"
| #define PACKAGE_STRING "Zcoin Core 0.13.2"
| #define PACKAGE_BUGREPORT "https://github.com/zcoinofficial/zcoin/issues"
| #define PACKAGE_URL "https://zcoin.io/"
| #define HAVE_CXX11 1
| /* end confdefs.h.  */
| 
| int
| main ()
| {
| 
|   ;
|   return 0;
| }
configure:5385: result: no
configure:5410: checking dependency style of g++ -std=c++11
configure:5519: result: gcc3
configure:5582: checking how to print strings
configure:5609: result: printf
configure:5678: checking for gcc
configure:5694: found /usr/bin/gcc
configure:5705: result: gcc
configure:5934: checking for C compiler version
configure:5943: gcc --version >&5
gcc (Ubuntu 5.4.0-6ubuntu1~16.04.4) 5.4.0 20160609
Copyright (C) 2015 Free Software Foundation, Inc.
This is free software; see the source for copying conditions.  There is NO
warranty; not even for MERCHANTABILITY or FITNESS FOR A PARTICULAR PURPOSE.

configure:5954: $? = 0
configure:5943: gcc -v >&5
Using built-in specs.
COLLECT_GCC=gcc
COLLECT_LTO_WRAPPER=/usr/lib/gcc/x86_64-linux-gnu/5/lto-wrapper
Target: x86_64-linux-gnu
Configured with: ../src/configure -v --with-pkgversion='Ubuntu 5.4.0-6ubuntu1~16.04.4' --with-bugurl=file:///usr/share/doc/gcc-5/README.Bugs --enable-languages=c,ada,c++,java,go,d,fortran,objc,obj-c++ --prefix=/usr --program-suffix=-5 --enable-shared --enable-linker-build-id --libexecdir=/usr/lib --without-included-gettext --enable-threads=posix --libdir=/usr/lib --enable-nls --with-sysroot=/ --enable-clocale=gnu --enable-libstdcxx-debug --enable-libstdcxx-time=yes --with-default-libstdcxx-abi=new --enable-gnu-unique-object --disable-vtable-verify --enable-libmpx --enable-plugin --with-system-zlib --disable-browser-plugin --enable-java-awt=gtk --enable-gtk-cairo --with-java-home=/usr/lib/jvm/java-1.5.0-gcj-5-amd64/jre --enable-java-home --with-jvm-root-dir=/usr/lib/jvm/java-1.5.0-gcj-5-amd64 --with-jvm-jar-dir=/usr/lib/jvm-exports/java-1.5.0-gcj-5-amd64 --with-arch-directory=amd64 --with-ecj-jar=/usr/share/java/eclipse-ecj.jar --enable-objc-gc --enable-multiarch --disable-werror --with-arch-32=i686 --with-abi=m64 --with-multilib-list=m32,m64,mx32 --enable-multilib --with-tune=generic --enable-checking=release --build=x86_64-linux-gnu --host=x86_64-linux-gnu --target=x86_64-linux-gnu
Thread model: posix
gcc version 5.4.0 20160609 (Ubuntu 5.4.0-6ubuntu1~16.04.4) 
configure:5954: $? = 0
configure:5943: gcc -V >&5
gcc: error: unrecognized command line option '-V'
gcc: fatal error: no input files
compilation terminated.
configure:5954: $? = 1
configure:5943: gcc -qversion >&5
gcc: error: unrecognized command line option '-qversion'
gcc: fatal error: no input files
compilation terminated.
configure:5954: $? = 1
configure:5958: checking whether we are using the GNU C compiler
configure:5977: gcc -c   conftest.c >&5
configure:5977: $? = 0
configure:5986: result: yes
configure:5995: checking whether gcc accepts -g
configure:6015: gcc -c -g  conftest.c >&5
configure:6015: $? = 0
configure:6056: result: yes
configure:6073: checking for gcc option to accept ISO C89
configure:6136: gcc  -c -g -O2  conftest.c >&5
configure:6136: $? = 0
configure:6149: result: none needed
configure:6174: checking whether gcc understands -c and -o together
configure:6196: gcc -c conftest.c -o conftest2.o
configure:6199: $? = 0
configure:6196: gcc -c conftest.c -o conftest2.o
configure:6199: $? = 0
configure:6211: result: yes
configure:6230: checking dependency style of gcc
configure:6341: result: gcc3
configure:6356: checking for a sed that does not truncate output
configure:6420: result: /bin/sed
configure:6438: checking for grep that handles long lines and -e
configure:6496: result: /bin/grep
configure:6501: checking for egrep
configure:6563: result: /bin/grep -E
configure:6568: checking for fgrep
configure:6630: result: /bin/grep -F
configure:6665: checking for ld used by gcc
configure:6732: result: /usr/bin/ld
configure:6739: checking if the linker (/usr/bin/ld) is GNU ld
configure:6754: result: yes
configure:6766: checking for BSD- or MS-compatible name lister (nm)
configure:6820: result: /usr/bin/nm -B
configure:6950: checking the name lister (/usr/bin/nm -B) interface
configure:6957: gcc -c -g -O2  conftest.c >&5
configure:6960: /usr/bin/nm -B "conftest.o"
configure:6963: output
0000000000000000 B some_variable
configure:6970: result: BSD nm
configure:6973: checking whether ln -s works
configure:6977: result: yes
configure:6985: checking the maximum length of command line arguments
configure:7116: result: 1572864
configure:7164: checking how to convert x86_64-pc-linux-gnu file names to x86_64-pc-linux-gnu format
configure:7204: result: func_convert_file_noop
configure:7211: checking how to convert x86_64-pc-linux-gnu file names to toolchain format
configure:7231: result: func_convert_file_noop
configure:7238: checking for /usr/bin/ld option to reload object files
configure:7245: result: -r
configure:7319: checking for objdump
configure:7335: found /usr/bin/objdump
configure:7346: result: objdump
configure:7378: checking how to recognize dependent libraries
configure:7578: result: pass_all
configure:7663: checking for dlltool
configure:7693: result: no
configure:7723: checking how to associate runtime and link libraries
configure:7750: result: printf %s\n
configure:7811: checking for ar
configure:7827: found /usr/bin/ar
configure:7838: result: ar
configure:7875: checking for archiver @FILE support
configure:7892: gcc -c -g -O2  conftest.c >&5
configure:7892: $? = 0
configure:7895: ar cru libconftest.a @conftest.lst >&5
ar: `u' modifier ignored since `D' is the default (see `U')
configure:7898: $? = 0
configure:7903: ar cru libconftest.a @conftest.lst >&5
ar: `u' modifier ignored since `D' is the default (see `U')
ar: conftest.o: No such file or directory
configure:7906: $? = 1
configure:7918: result: @
configure:7976: checking for strip
configure:7992: found /usr/bin/strip
configure:8003: result: strip
configure:8075: checking for ranlib
configure:8091: found /usr/bin/ranlib
configure:8102: result: ranlib
configure:8204: checking command to parse /usr/bin/nm -B output from gcc object
configure:8357: gcc -c -g -O2  conftest.c >&5
configure:8360: $? = 0
configure:8364: /usr/bin/nm -B conftest.o \| sed -n -e 's/^.*[ ]\([ABCDGIRSTW][ABCDGIRSTW]*\)[ ][ ]*\([_A-Za-z][_A-Za-z0-9]*\)$/\1 \2 \2/p' | sed '/ __gnu_lto/d' \> conftest.nm
configure:8367: $? = 0
configure:8433: gcc -o conftest -g -O2   conftest.c conftstm.o >&5
configure:8436: $? = 0
configure:8474: result: ok
configure:8521: checking for sysroot
configure:8551: result: no
configure:8558: checking for a working dd
configure:8596: result: /bin/dd
configure:8600: checking how to truncate binary pipes
configure:8615: result: /bin/dd bs=4096 count=1
configure:8751: gcc -c -g -O2  conftest.c >&5
configure:8754: $? = 0
configure:8944: checking for mt
configure:8960: found /bin/mt
configure:8971: result: mt
configure:8994: checking if mt is a manifest tool
configure:9000: mt '-?'
configure:9008: result: no
configure:9685: checking how to run the C preprocessor
configure:9716: gcc -E  conftest.c
configure:9716: $? = 0
configure:9730: gcc -E  conftest.c
conftest.c:10:28: fatal error: ac_nonexistent.h: No such file or directory
compilation terminated.
configure:9730: $? = 1
configure: failed program was:
| /* confdefs.h */
| #define PACKAGE_NAME "Zcoin Core"
| #define PACKAGE_TARNAME "zcoin"
| #define PACKAGE_VERSION "0.13.2"
| #define PACKAGE_STRING "Zcoin Core 0.13.2"
| #define PACKAGE_BUGREPORT "https://github.com/zcoinofficial/zcoin/issues"
| #define PACKAGE_URL "https://zcoin.io/"
| #define HAVE_CXX11 1
| /* end confdefs.h.  */
| #include <ac_nonexistent.h>
configure:9755: result: gcc -E
configure:9775: gcc -E  conftest.c
configure:9775: $? = 0
configure:9789: gcc -E  conftest.c
conftest.c:10:28: fatal error: ac_nonexistent.h: No such file or directory
compilation terminated.
configure:9789: $? = 1
configure: failed program was:
| /* confdefs.h */
| #define PACKAGE_NAME "Zcoin Core"
| #define PACKAGE_TARNAME "zcoin"
| #define PACKAGE_VERSION "0.13.2"
| #define PACKAGE_STRING "Zcoin Core 0.13.2"
| #define PACKAGE_BUGREPORT "https://github.com/zcoinofficial/zcoin/issues"
| #define PACKAGE_URL "https://zcoin.io/"
| #define HAVE_CXX11 1
| /* end confdefs.h.  */
| #include <ac_nonexistent.h>
configure:9818: checking for ANSI C header files
configure:9838: gcc -c -g -O2  conftest.c >&5
configure:9838: $? = 0
configure:9911: gcc -o conftest -g -O2   conftest.c  >&5
configure:9911: $? = 0
configure:9911: ./conftest
configure:9911: $? = 0
configure:9922: result: yes
configure:9935: checking for sys/types.h
configure:9935: gcc -c -g -O2  conftest.c >&5
configure:9935: $? = 0
configure:9935: result: yes
configure:9935: checking for sys/stat.h
configure:9935: gcc -c -g -O2  conftest.c >&5
configure:9935: $? = 0
configure:9935: result: yes
configure:9935: checking for stdlib.h
configure:9935: gcc -c -g -O2  conftest.c >&5
configure:9935: $? = 0
configure:9935: result: yes
configure:9935: checking for string.h
configure:9935: gcc -c -g -O2  conftest.c >&5
configure:9935: $? = 0
configure:9935: result: yes
configure:9935: checking for memory.h
configure:9935: gcc -c -g -O2  conftest.c >&5
configure:9935: $? = 0
configure:9935: result: yes
configure:9935: checking for strings.h
configure:9935: gcc -c -g -O2  conftest.c >&5
configure:9935: $? = 0
configure:9935: result: yes
configure:9935: checking for inttypes.h
configure:9935: gcc -c -g -O2  conftest.c >&5
configure:9935: $? = 0
configure:9935: result: yes
configure:9935: checking for stdint.h
configure:9935: gcc -c -g -O2  conftest.c >&5
configure:9935: $? = 0
configure:9935: result: yes
configure:9935: checking for unistd.h
configure:9935: gcc -c -g -O2  conftest.c >&5
configure:9935: $? = 0
configure:9935: result: yes
configure:9949: checking for dlfcn.h
configure:9949: gcc -c -g -O2  conftest.c >&5
configure:9949: $? = 0
configure:9949: result: yes
configure:10214: checking for objdir
configure:10229: result: .libs
configure:10493: checking if gcc supports -fno-rtti -fno-exceptions
configure:10511: gcc -c -g -O2  -fno-rtti -fno-exceptions conftest.c >&5
cc1: warning: command line option '-fno-rtti' is valid for C++/ObjC++ but not for C
configure:10515: $? = 0
configure:10528: result: no
configure:10886: checking for gcc option to produce PIC
configure:10893: result: -fPIC -DPIC
configure:10901: checking if gcc PIC flag -fPIC -DPIC works
configure:10919: gcc -c -g -O2  -fPIC -DPIC -DPIC conftest.c >&5
configure:10923: $? = 0
configure:10936: result: yes
configure:10965: checking if gcc static flag -static works
configure:10993: result: yes
configure:11008: checking if gcc supports -c -o file.o
configure:11029: gcc -c -g -O2  -o out/conftest2.o conftest.c >&5
configure:11033: $? = 0
configure:11055: result: yes
configure:11063: checking if gcc supports -c -o file.o
configure:11110: result: yes
configure:11143: checking whether the gcc linker (/usr/bin/ld -m elf_x86_64) supports shared libraries
configure:12406: result: yes
configure:12443: checking whether -lc should be explicitly linked in
configure:12451: gcc -c -g -O2  conftest.c >&5
configure:12454: $? = 0
configure:12469: gcc -shared  -fPIC -DPIC conftest.o  -v -Wl,-soname -Wl,conftest -o conftest 2\>\&1 \| /bin/grep  -lc  \>/dev/null 2\>\&1
configure:12472: $? = 0
configure:12486: result: no
configure:12646: checking dynamic linker characteristics
configure:13227: gcc -o conftest -g -O2   -Wl,-rpath -Wl,/foo conftest.c  >&5
configure:13227: $? = 0
configure:13476: result: GNU/Linux ld.so
configure:13598: checking how to hardcode library paths into programs
configure:13623: result: immediate
configure:14171: checking whether stripping libraries is possible
configure:14176: result: yes
configure:14211: checking if libtool supports shared libraries
configure:14213: result: yes
configure:14216: checking whether to build shared libraries
configure:14241: result: yes
configure:14244: checking whether to build static libraries
configure:14248: result: yes
configure:14271: checking how to run the C++ preprocessor
configure:14298: g++ -std=c++11 -E  conftest.cpp
configure:14298: $? = 0
configure:14312: g++ -std=c++11 -E  conftest.cpp
conftest.cpp:22:28: fatal error: ac_nonexistent.h: No such file or directory
compilation terminated.
configure:14312: $? = 1
configure: failed program was:
| /* confdefs.h */
| #define PACKAGE_NAME "Zcoin Core"
| #define PACKAGE_TARNAME "zcoin"
| #define PACKAGE_VERSION "0.13.2"
| #define PACKAGE_STRING "Zcoin Core 0.13.2"
| #define PACKAGE_BUGREPORT "https://github.com/zcoinofficial/zcoin/issues"
| #define PACKAGE_URL "https://zcoin.io/"
| #define HAVE_CXX11 1
| #define STDC_HEADERS 1
| #define HAVE_SYS_TYPES_H 1
| #define HAVE_SYS_STAT_H 1
| #define HAVE_STDLIB_H 1
| #define HAVE_STRING_H 1
| #define HAVE_MEMORY_H 1
| #define HAVE_STRINGS_H 1
| #define HAVE_INTTYPES_H 1
| #define HAVE_STDINT_H 1
| #define HAVE_UNISTD_H 1
| #define HAVE_DLFCN_H 1
| #define LT_OBJDIR ".libs/"
| /* end confdefs.h.  */
| #include <ac_nonexistent.h>
configure:14337: result: g++ -std=c++11 -E
configure:14357: g++ -std=c++11 -E  conftest.cpp
configure:14357: $? = 0
configure:14371: g++ -std=c++11 -E  conftest.cpp
conftest.cpp:22:28: fatal error: ac_nonexistent.h: No such file or directory
compilation terminated.
configure:14371: $? = 1
configure: failed program was:
| /* confdefs.h */
| #define PACKAGE_NAME "Zcoin Core"
| #define PACKAGE_TARNAME "zcoin"
| #define PACKAGE_VERSION "0.13.2"
| #define PACKAGE_STRING "Zcoin Core 0.13.2"
| #define PACKAGE_BUGREPORT "https://github.com/zcoinofficial/zcoin/issues"
| #define PACKAGE_URL "https://zcoin.io/"
| #define HAVE_CXX11 1
| #define STDC_HEADERS 1
| #define HAVE_SYS_TYPES_H 1
| #define HAVE_SYS_STAT_H 1
| #define HAVE_STDLIB_H 1
| #define HAVE_STRING_H 1
| #define HAVE_MEMORY_H 1
| #define HAVE_STRINGS_H 1
| #define HAVE_INTTYPES_H 1
| #define HAVE_STDINT_H 1
| #define HAVE_UNISTD_H 1
| #define HAVE_DLFCN_H 1
| #define LT_OBJDIR ".libs/"
| /* end confdefs.h.  */
| #include <ac_nonexistent.h>
configure:14533: checking for ld used by g++ -std=c++11
configure:14600: result: /usr/bin/ld -m elf_x86_64
configure:14607: checking if the linker (/usr/bin/ld -m elf_x86_64) is GNU ld
configure:14622: result: yes
configure:14677: checking whether the g++ -std=c++11 linker (/usr/bin/ld -m elf_x86_64) supports shared libraries
configure:15750: result: yes
configure:15786: g++ -std=c++11 -c -g -O2  conftest.cpp >&5
configure:15789: $? = 0
configure:16270: checking for g++ -std=c++11 option to produce PIC
configure:16277: result: -fPIC -DPIC
configure:16285: checking if g++ -std=c++11 PIC flag -fPIC -DPIC works
configure:16303: g++ -std=c++11 -c -g -O2  -fPIC -DPIC -DPIC conftest.cpp >&5
configure:16307: $? = 0
configure:16320: result: yes
configure:16343: checking if g++ -std=c++11 static flag -static works
configure:16371: result: yes
configure:16383: checking if g++ -std=c++11 supports -c -o file.o
configure:16404: g++ -std=c++11 -c -g -O2  -o out/conftest2.o conftest.cpp >&5
configure:16408: $? = 0
configure:16430: result: yes
configure:16435: checking if g++ -std=c++11 supports -c -o file.o
configure:16482: result: yes
configure:16512: checking whether the g++ -std=c++11 linker (/usr/bin/ld -m elf_x86_64) supports shared libraries
configure:16555: result: yes
configure:16696: checking dynamic linker characteristics
configure:17453: result: GNU/Linux ld.so
configure:17518: checking how to hardcode library paths into programs
configure:17543: result: immediate
configure:17651: checking for ar
configure:17669: found /usr/bin/ar
configure:17681: result: /usr/bin/ar
configure:17749: checking for ranlib
configure:17767: found /usr/bin/ranlib
configure:17779: result: /usr/bin/ranlib
configure:17847: checking for strip
configure:17865: found /usr/bin/strip
configure:17877: result: /usr/bin/strip
configure:17945: checking for gcov
configure:17963: found /usr/bin/gcov
configure:17975: result: /usr/bin/gcov
configure:17999: checking for lcov
configure:18032: result: no
configure:18039: checking for java
configure:18057: found /usr/bin/java
configure:18069: result: /usr/bin/java
configure:18081: checking for python3.6
configure:18114: result: no
configure:18081: checking for python3.5
configure:18099: found /usr/bin/python3.5
configure:18111: result: /usr/bin/python3.5
configure:18124: checking for genhtml
configure:18157: result: no
configure:18164: checking for git
configure:18182: found /usr/bin/git
configure:18194: result: /usr/bin/git
configure:18204: checking for ccache
configure:18237: result: no
configure:18244: checking for xgettext
configure:18262: found /usr/bin/xgettext
configure:18274: result: /usr/bin/xgettext
configure:18284: checking for hexdump
configure:18302: found /usr/bin/hexdump
configure:18314: result: /usr/bin/hexdump
configure:18368: checking for readelf
configure:18386: found /usr/bin/readelf
configure:18398: result: /usr/bin/readelf
configure:18466: checking for c++filt
configure:18484: found /usr/bin/c++filt
configure:18496: result: /usr/bin/c++filt
configure:18564: checking for objcopy
configure:18582: found /usr/bin/objcopy
configure:18594: result: /usr/bin/objcopy
configure:18782: checking whether C++ compiler accepts -Werror
configure:18801: g++ -std=c++11 -c -g -O2  -Werror  conftest.cpp >&5
configure:18801: $? = 0
configure:18809: result: yes
configure:18831: checking whether C++ compiler accepts -Wall
configure:18850: g++ -std=c++11 -c -g -O2 -g3 -O0 -Werror -Wall  -DDEBUG -DDEBUG_LOCKORDER conftest.cpp >&5
configure:18850: $? = 0
configure:18859: result: yes
configure:18868: checking whether C++ compiler accepts -Wextra
configure:18887: g++ -std=c++11 -c -g -O2 -g3 -O0 -Wall -Werror -Wextra  -DDEBUG -DDEBUG_LOCKORDER conftest.cpp >&5
configure:18887: $? = 0
configure:18896: result: yes
configure:18905: checking whether C++ compiler accepts -Wformat
configure:18924: g++ -std=c++11 -c -g -O2 -g3 -O0 -Wall -Wextra -Werror -Wformat  -DDEBUG -DDEBUG_LOCKORDER conftest.cpp >&5
configure:18924: $? = 0
configure:18933: result: yes
configure:18942: checking whether C++ compiler accepts -Wformat-security
configure:18961: g++ -std=c++11 -c -g -O2 -g3 -O0 -Wall -Wextra -Wformat -Werror -Wformat-security  -DDEBUG -DDEBUG_LOCKORDER conftest.cpp >&5
configure:18961: $? = 0
configure:18970: result: yes
configure:18983: checking whether C++ compiler accepts -Wunused-parameter
configure:19002: g++ -std=c++11 -c -g -O2 -g3 -O0 -Wall -Wextra -Wformat -Wformat-security -Werror -Wunused-parameter  -DDEBUG -DDEBUG_LOCKORDER conftest.cpp >&5
configure:19002: $? = 0
configure:19011: result: yes
configure:19020: checking whether C++ compiler accepts -Wself-assign
configure:19039: g++ -std=c++11 -c -g -O2 -g3 -O0 -Wall -Wextra -Wformat -Wformat-security -Wno-unused-parameter -Werror -Wself-assign  -DDEBUG -DDEBUG_LOCKORDER conftest.cpp >&5
g++: error: unrecognized command line option '-Wself-assign'
configure:19039: $? = 1
configure: failed program was:
| /* confdefs.h */
| #define PACKAGE_NAME "Zcoin Core"
| #define PACKAGE_TARNAME "zcoin"
| #define PACKAGE_VERSION "0.13.2"
| #define PACKAGE_STRING "Zcoin Core 0.13.2"
| #define PACKAGE_BUGREPORT "https://github.com/zcoinofficial/zcoin/issues"
| #define PACKAGE_URL "https://zcoin.io/"
| #define HAVE_CXX11 1
| #define STDC_HEADERS 1
| #define HAVE_SYS_TYPES_H 1
| #define HAVE_SYS_STAT_H 1
| #define HAVE_STDLIB_H 1
| #define HAVE_STRING_H 1
| #define HAVE_MEMORY_H 1
| #define HAVE_STRINGS_H 1
| #define HAVE_INTTYPES_H 1
| #define HAVE_STDINT_H 1
| #define HAVE_UNISTD_H 1
| #define HAVE_DLFCN_H 1
| #define LT_OBJDIR ".libs/"
| /* end confdefs.h.  */
| 
| int
| main ()
| {
| 
|   ;
|   return 0;
| }
configure:19048: result: no
configure:19057: checking whether C++ compiler accepts -Wunused-local-typedef
configure:19076: g++ -std=c++11 -c -g -O2 -g3 -O0 -Wall -Wextra -Wformat -Wformat-security -Wno-unused-parameter -Werror -Wunused-local-typedef  -DDEBUG -DDEBUG_LOCKORDER conftest.cpp >&5
g++: error: unrecognized command line option '-Wunused-local-typedef'
configure:19076: $? = 1
configure: failed program was:
| /* confdefs.h */
| #define PACKAGE_NAME "Zcoin Core"
| #define PACKAGE_TARNAME "zcoin"
| #define PACKAGE_VERSION "0.13.2"
| #define PACKAGE_STRING "Zcoin Core 0.13.2"
| #define PACKAGE_BUGREPORT "https://github.com/zcoinofficial/zcoin/issues"
| #define PACKAGE_URL "https://zcoin.io/"
| #define HAVE_CXX11 1
| #define STDC_HEADERS 1
| #define HAVE_SYS_TYPES_H 1
| #define HAVE_SYS_STAT_H 1
| #define HAVE_STDLIB_H 1
| #define HAVE_STRING_H 1
| #define HAVE_MEMORY_H 1
| #define HAVE_STRINGS_H 1
| #define HAVE_INTTYPES_H 1
| #define HAVE_STDINT_H 1
| #define HAVE_UNISTD_H 1
| #define HAVE_DLFCN_H 1
| #define LT_OBJDIR ".libs/"
| /* end confdefs.h.  */
| 
| int
| main ()
| {
| 
|   ;
|   return 0;
| }
configure:19085: result: no
configure:19094: checking whether C++ compiler accepts -Wdeprecated-register
configure:19113: g++ -std=c++11 -c -g -O2 -g3 -O0 -Wall -Wextra -Wformat -Wformat-security -Wno-unused-parameter -Werror -Wdeprecated-register  -DDEBUG -DDEBUG_LOCKORDER conftest.cpp >&5
g++: error: unrecognized command line option '-Wdeprecated-register'
configure:19113: $? = 1
configure: failed program was:
| /* confdefs.h */
| #define PACKAGE_NAME "Zcoin Core"
| #define PACKAGE_TARNAME "zcoin"
| #define PACKAGE_VERSION "0.13.2"
| #define PACKAGE_STRING "Zcoin Core 0.13.2"
| #define PACKAGE_BUGREPORT "https://github.com/zcoinofficial/zcoin/issues"
| #define PACKAGE_URL "https://zcoin.io/"
| #define HAVE_CXX11 1
| #define STDC_HEADERS 1
| #define HAVE_SYS_TYPES_H 1
| #define HAVE_SYS_STAT_H 1
| #define HAVE_STDLIB_H 1
| #define HAVE_STRING_H 1
| #define HAVE_MEMORY_H 1
| #define HAVE_STRINGS_H 1
| #define HAVE_INTTYPES_H 1
| #define HAVE_STDINT_H 1
| #define HAVE_UNISTD_H 1
| #define HAVE_DLFCN_H 1
| #define LT_OBJDIR ".libs/"
| /* end confdefs.h.  */
| 
| int
| main ()
| {
| 
|   ;
|   return 0;
| }
configure:19122: result: no
configure:20763: checking for pkg-config
configure:20781: found /usr/bin/pkg-config
configure:20793: result: /usr/bin/pkg-config
configure:20818: checking pkg-config is at least version 0.9.0
configure:20821: result: yes
configure:20913: checking whether byte ordering is bigendian
configure:20928: g++ -std=c++11 -c -g -O2 -g3 -O0 -Wall -Wextra -Wformat -Wformat-security -Wno-unused-parameter  -DDEBUG -DDEBUG_LOCKORDER -DHAVE_BUILD_INFO -D__STDC_FORMAT_MACROS conftest.cpp >&5
conftest.cpp:23:9: error: expected unqualified-id before 'not' token
         not a universal capable compiler
         ^
configure:20928: $? = 1
configure: failed program was:
| /* confdefs.h */
| #define PACKAGE_NAME "Zcoin Core"
| #define PACKAGE_TARNAME "zcoin"
| #define PACKAGE_VERSION "0.13.2"
| #define PACKAGE_STRING "Zcoin Core 0.13.2"
| #define PACKAGE_BUGREPORT "https://github.com/zcoinofficial/zcoin/issues"
| #define PACKAGE_URL "https://zcoin.io/"
| #define HAVE_CXX11 1
| #define STDC_HEADERS 1
| #define HAVE_SYS_TYPES_H 1
| #define HAVE_SYS_STAT_H 1
| #define HAVE_STDLIB_H 1
| #define HAVE_STRING_H 1
| #define HAVE_MEMORY_H 1
| #define HAVE_STRINGS_H 1
| #define HAVE_INTTYPES_H 1
| #define HAVE_STDINT_H 1
| #define HAVE_UNISTD_H 1
| #define HAVE_DLFCN_H 1
| #define LT_OBJDIR ".libs/"
| /* end confdefs.h.  */
| #ifndef __APPLE_CC__
| 	       not a universal capable compiler
| 	     #endif
| 	     typedef int dummy;
| 
configure:20973: g++ -std=c++11 -c -g -O2 -g3 -O0 -Wall -Wextra -Wformat -Wformat-security -Wno-unused-parameter  -DDEBUG -DDEBUG_LOCKORDER -DHAVE_BUILD_INFO -D__STDC_FORMAT_MACROS conftest.cpp >&5
configure:20973: $? = 0
configure:20991: g++ -std=c++11 -c -g -O2 -g3 -O0 -Wall -Wextra -Wformat -Wformat-security -Wno-unused-parameter  -DDEBUG -DDEBUG_LOCKORDER -DHAVE_BUILD_INFO -D__STDC_FORMAT_MACROS conftest.cpp >&5
conftest.cpp: In function 'int main()':
conftest.cpp:29:8: error: 'big' was not declared in this scope
    not big endian
        ^
configure:20991: $? = 1
configure: failed program was:
| /* confdefs.h */
| #define PACKAGE_NAME "Zcoin Core"
| #define PACKAGE_TARNAME "zcoin"
| #define PACKAGE_VERSION "0.13.2"
| #define PACKAGE_STRING "Zcoin Core 0.13.2"
| #define PACKAGE_BUGREPORT "https://github.com/zcoinofficial/zcoin/issues"
| #define PACKAGE_URL "https://zcoin.io/"
| #define HAVE_CXX11 1
| #define STDC_HEADERS 1
| #define HAVE_SYS_TYPES_H 1
| #define HAVE_SYS_STAT_H 1
| #define HAVE_STDLIB_H 1
| #define HAVE_STRING_H 1
| #define HAVE_MEMORY_H 1
| #define HAVE_STRINGS_H 1
| #define HAVE_INTTYPES_H 1
| #define HAVE_STDINT_H 1
| #define HAVE_UNISTD_H 1
| #define HAVE_DLFCN_H 1
| #define LT_OBJDIR ".libs/"
| /* end confdefs.h.  */
| #include <sys/types.h>
| 		#include <sys/param.h>
| 
| int
| main ()
| {
| #if BYTE_ORDER != BIG_ENDIAN
| 		 not big endian
| 		#endif
| 
|   ;
|   return 0;
| }
configure:21119: result: no
configure:21321: checking whether gcc is Clang
configure:21346: result: no
configure:21469: checking whether pthreads work with -pthread
configure:21563: gcc -o conftest -g -O2 -g3 -O0 -pthread  -DDEBUG -DDEBUG_LOCKORDER -DHAVE_BUILD_INFO -D__STDC_FORMAT_MACROS  conftest.c   >&5
configure:21563: $? = 0
configure:21572: result: yes
configure:21591: checking for joinable pthread attribute
configure:21609: gcc -o conftest -g -O2 -g3 -O0 -pthread  -DDEBUG -DDEBUG_LOCKORDER -DHAVE_BUILD_INFO -D__STDC_FORMAT_MACROS  conftest.c   >&5
configure:21609: $? = 0
configure:21617: result: PTHREAD_CREATE_JOINABLE
configure:21631: checking whether more special flags are required for pthreads
configure:21644: result: no
configure:21652: checking for PTHREAD_PRIO_INHERIT
configure:21668: gcc -o conftest -g -O2 -g3 -O0 -pthread  -DDEBUG -DDEBUG_LOCKORDER -DHAVE_BUILD_INFO -D__STDC_FORMAT_MACROS  conftest.c   >&5
configure:21668: $? = 0
configure:21677: result: yes
configure:21790: checking for special C compiler options needed for large files
configure:21835: result: no
configure:21841: checking for _FILE_OFFSET_BITS value needed for large files
configure:21866: g++ -std=c++11 -c -g -O2 -g3 -O0 -Wall -Wextra -Wformat -Wformat-security -Wno-unused-parameter  -DDEBUG -DDEBUG_LOCKORDER -DHAVE_BUILD_INFO -D__STDC_FORMAT_MACROS conftest.cpp >&5
configure:21866: $? = 0
configure:21898: result: no
configure:21984: checking whether strerror_r is declared
configure:21984: g++ -std=c++11 -c -g -O2 -g3 -O0 -Wall -Wextra -Wformat -Wformat-security -Wno-unused-parameter  -DDEBUG -DDEBUG_LOCKORDER -DHAVE_BUILD_INFO -D__STDC_FORMAT_MACROS conftest.cpp >&5
configure:21984: $? = 0
configure:21984: result: yes
configure:21997: checking for strerror_r
configure:21997: g++ -std=c++11 -o conftest -g -O2 -g3 -O0 -Wall -Wextra -Wformat -Wformat-security -Wno-unused-parameter  -DDEBUG -DDEBUG_LOCKORDER -DHAVE_BUILD_INFO -D__STDC_FORMAT_MACROS  conftest.cpp  >&5
configure:21997: $? = 0
configure:21997: result: yes
configure:22006: checking whether strerror_r returns char *
configure:22030: g++ -std=c++11 -c -g -O2 -g3 -O0 -Wall -Wextra -Wformat -Wformat-security -Wno-unused-parameter  -DDEBUG -DDEBUG_LOCKORDER -DHAVE_BUILD_INFO -D__STDC_FORMAT_MACROS conftest.cpp >&5
configure:22030: $? = 0
configure:22068: result: yes
configure:22089: checking whether the linker accepts -Wl,--large-address-aware
configure:22108: g++ -std=c++11 -o conftest -g -O2 -g3 -O0 -Wall -Wextra -Wformat -Wformat-security -Wno-unused-parameter  -DDEBUG -DDEBUG_LOCKORDER -DHAVE_BUILD_INFO -D__STDC_FORMAT_MACROS   -Wl,--large-address-aware conftest.cpp  >&5
/usr/bin/ld: unrecognized option '--large-address-aware'
/usr/bin/ld: use the --help option for usage information
collect2: error: ld returned 1 exit status
configure:22108: $? = 1
configure: failed program was:
| /* confdefs.h */
| #define PACKAGE_NAME "Zcoin Core"
| #define PACKAGE_TARNAME "zcoin"
| #define PACKAGE_VERSION "0.13.2"
| #define PACKAGE_STRING "Zcoin Core 0.13.2"
| #define PACKAGE_BUGREPORT "https://github.com/zcoinofficial/zcoin/issues"
| #define PACKAGE_URL "https://zcoin.io/"
| #define HAVE_CXX11 1
| #define STDC_HEADERS 1
| #define HAVE_SYS_TYPES_H 1
| #define HAVE_SYS_STAT_H 1
| #define HAVE_STDLIB_H 1
| #define HAVE_STRING_H 1
| #define HAVE_MEMORY_H 1
| #define HAVE_STRINGS_H 1
| #define HAVE_INTTYPES_H 1
| #define HAVE_STDINT_H 1
| #define HAVE_UNISTD_H 1
| #define HAVE_DLFCN_H 1
| #define LT_OBJDIR ".libs/"
| #define HAVE_PTHREAD_PRIO_INHERIT 1
| #define HAVE_PTHREAD 1
| #define HAVE_DECL_STRERROR_R 1
| #define HAVE_STRERROR_R 1
| #define STRERROR_R_CHAR_P 1
| /* end confdefs.h.  */
| 
| int
| main ()
| {
| 
|   ;
|   return 0;
| }
configure:22117: result: no
configure:22129: checking for __attribute__((visibility))
configure:22153: g++ -std=c++11 -o conftest -g -O2 -g3 -O0 -Wall -Wextra -Wformat -Wformat-security -Wno-unused-parameter  -DDEBUG -DDEBUG_LOCKORDER -DHAVE_BUILD_INFO -D__STDC_FORMAT_MACROS  conftest.cpp  >&5
configure:22153: $? = 0
configure:22166: result: yes
configure:22182: checking for __attribute__((dllexport))
configure:22203: g++ -std=c++11 -o conftest -g -O2 -g3 -O0 -Wall -Wextra -Wformat -Wformat-security -Wno-unused-parameter  -DDEBUG -DDEBUG_LOCKORDER -DHAVE_BUILD_INFO -D__STDC_FORMAT_MACROS  conftest.cpp  >&5
conftest.cpp:30:62: warning: 'dllexport' attribute directive ignored [-Wattributes]
                     __attribute__((dllexport)) int foo( void ) { return 0; }
                                                              ^
configure:22203: $? = 0
configure:22216: result: no
configure:22232: checking for __attribute__((dllimport))
configure:22253: g++ -std=c++11 -o conftest -g -O2 -g3 -O0 -Wall -Wextra -Wformat -Wformat-security -Wno-unused-parameter  -DDEBUG -DDEBUG_LOCKORDER -DHAVE_BUILD_INFO -D__STDC_FORMAT_MACROS  conftest.cpp  >&5
conftest.cpp:30:62: warning: 'dllimport' attribute directive ignored [-Wattributes]
                     int foo( void ) __attribute__((dllimport));
                                                              ^
configure:22253: $? = 0
configure:22266: result: no
configure:22366: checking for library containing clock_gettime
configure:22397: g++ -std=c++11 -o conftest -g -O2 -g3 -O0 -Wall -Wextra -Wformat -Wformat-security -Wno-unused-parameter  -DDEBUG -DDEBUG_LOCKORDER -DHAVE_BUILD_INFO -D__STDC_FORMAT_MACROS  conftest.cpp  >&5
configure:22397: $? = 0
configure:22414: result: none required
configure:22426: checking whether C++ compiler accepts -fPIC
configure:22445: g++ -std=c++11 -c -g -O2 -g3 -O0 -Wall -Wextra -Wformat -Wformat-security -Wno-unused-parameter  -fPIC  -DDEBUG -DDEBUG_LOCKORDER -DHAVE_BUILD_INFO -D__STDC_FORMAT_MACROS conftest.cpp >&5
configure:22445: $? = 0
configure:22453: result: yes
configure:22919: checking endian.h usability
configure:22919: g++ -std=c++11 -c -g -O2 -g3 -O0 -Wall -Wextra -Wformat -Wformat-security -Wno-unused-parameter  -DDEBUG -DDEBUG_LOCKORDER -DHAVE_BUILD_INFO -D__STDC_FORMAT_MACROS conftest.cpp >&5
configure:22919: $? = 0
configure:22919: result: yes
configure:22919: checking endian.h presence
configure:22919: g++ -std=c++11 -E  -DDEBUG -DDEBUG_LOCKORDER -DHAVE_BUILD_INFO -D__STDC_FORMAT_MACROS conftest.cpp
configure:22919: $? = 0
configure:22919: result: yes
configure:22919: checking for endian.h
configure:22919: result: yes
configure:22919: checking sys/endian.h usability
configure:22919: g++ -std=c++11 -c -g -O2 -g3 -O0 -Wall -Wextra -Wformat -Wformat-security -Wno-unused-parameter  -DDEBUG -DDEBUG_LOCKORDER -DHAVE_BUILD_INFO -D__STDC_FORMAT_MACROS conftest.cpp >&5
conftest.cpp:62:24: fatal error: sys/endian.h: No such file or directory
compilation terminated.
configure:22919: $? = 1
configure: failed program was:
| /* confdefs.h */
| #define PACKAGE_NAME "Zcoin Core"
| #define PACKAGE_TARNAME "zcoin"
| #define PACKAGE_VERSION "0.13.2"
| #define PACKAGE_STRING "Zcoin Core 0.13.2"
| #define PACKAGE_BUGREPORT "https://github.com/zcoinofficial/zcoin/issues"
| #define PACKAGE_URL "https://zcoin.io/"
| #define HAVE_CXX11 1
| #define STDC_HEADERS 1
| #define HAVE_SYS_TYPES_H 1
| #define HAVE_SYS_STAT_H 1
| #define HAVE_STDLIB_H 1
| #define HAVE_STRING_H 1
| #define HAVE_MEMORY_H 1
| #define HAVE_STRINGS_H 1
| #define HAVE_INTTYPES_H 1
| #define HAVE_STDINT_H 1
| #define HAVE_UNISTD_H 1
| #define HAVE_DLFCN_H 1
| #define LT_OBJDIR ".libs/"
| #define HAVE_PTHREAD_PRIO_INHERIT 1
| #define HAVE_PTHREAD 1
| #define HAVE_DECL_STRERROR_R 1
| #define HAVE_STRERROR_R 1
| #define STRERROR_R_CHAR_P 1
| #define HAVE_FUNC_ATTRIBUTE_VISIBILITY 1
| #define HAVE_ENDIAN_H 1
| /* end confdefs.h.  */
| #include <stdio.h>
| #ifdef HAVE_SYS_TYPES_H
| # include <sys/types.h>
| #endif
| #ifdef HAVE_SYS_STAT_H
| # include <sys/stat.h>
| #endif
| #ifdef STDC_HEADERS
| # include <stdlib.h>
| # include <stddef.h>
| #else
| # ifdef HAVE_STDLIB_H
| #  include <stdlib.h>
| # endif
| #endif
| #ifdef HAVE_STRING_H
| # if !defined STDC_HEADERS && defined HAVE_MEMORY_H
| #  include <memory.h>
| # endif
| # include <string.h>
| #endif
| #ifdef HAVE_STRINGS_H
| # include <strings.h>
| #endif
| #ifdef HAVE_INTTYPES_H
| # include <inttypes.h>
| #endif
| #ifdef HAVE_STDINT_H
| # include <stdint.h>
| #endif
| #ifdef HAVE_UNISTD_H
| # include <unistd.h>
| #endif
| #include <sys/endian.h>
configure:22919: result: no
configure:22919: checking sys/endian.h presence
configure:22919: g++ -std=c++11 -E  -DDEBUG -DDEBUG_LOCKORDER -DHAVE_BUILD_INFO -D__STDC_FORMAT_MACROS conftest.cpp
conftest.cpp:29:24: fatal error: sys/endian.h: No such file or directory
compilation terminated.
configure:22919: $? = 1
configure: failed program was:
| /* confdefs.h */
| #define PACKAGE_NAME "Zcoin Core"
| #define PACKAGE_TARNAME "zcoin"
| #define PACKAGE_VERSION "0.13.2"
| #define PACKAGE_STRING "Zcoin Core 0.13.2"
| #define PACKAGE_BUGREPORT "https://github.com/zcoinofficial/zcoin/issues"
| #define PACKAGE_URL "https://zcoin.io/"
| #define HAVE_CXX11 1
| #define STDC_HEADERS 1
| #define HAVE_SYS_TYPES_H 1
| #define HAVE_SYS_STAT_H 1
| #define HAVE_STDLIB_H 1
| #define HAVE_STRING_H 1
| #define HAVE_MEMORY_H 1
| #define HAVE_STRINGS_H 1
| #define HAVE_INTTYPES_H 1
| #define HAVE_STDINT_H 1
| #define HAVE_UNISTD_H 1
| #define HAVE_DLFCN_H 1
| #define LT_OBJDIR ".libs/"
| #define HAVE_PTHREAD_PRIO_INHERIT 1
| #define HAVE_PTHREAD 1
| #define HAVE_DECL_STRERROR_R 1
| #define HAVE_STRERROR_R 1
| #define STRERROR_R_CHAR_P 1
| #define HAVE_FUNC_ATTRIBUTE_VISIBILITY 1
| #define HAVE_ENDIAN_H 1
| /* end confdefs.h.  */
| #include <sys/endian.h>
configure:22919: result: no
configure:22919: checking for sys/endian.h
configure:22919: result: no
configure:22919: checking byteswap.h usability
configure:22919: g++ -std=c++11 -c -g -O2 -g3 -O0 -Wall -Wextra -Wformat -Wformat-security -Wno-unused-parameter  -DDEBUG -DDEBUG_LOCKORDER -DHAVE_BUILD_INFO -D__STDC_FORMAT_MACROS conftest.cpp >&5
configure:22919: $? = 0
configure:22919: result: yes
configure:22919: checking byteswap.h presence
configure:22919: g++ -std=c++11 -E  -DDEBUG -DDEBUG_LOCKORDER -DHAVE_BUILD_INFO -D__STDC_FORMAT_MACROS conftest.cpp
configure:22919: $? = 0
configure:22919: result: yes
configure:22919: checking for byteswap.h
configure:22919: result: yes
configure:22919: checking stdio.h usability
configure:22919: g++ -std=c++11 -c -g -O2 -g3 -O0 -Wall -Wextra -Wformat -Wformat-security -Wno-unused-parameter  -DDEBUG -DDEBUG_LOCKORDER -DHAVE_BUILD_INFO -D__STDC_FORMAT_MACROS conftest.cpp >&5
configure:22919: $? = 0
configure:22919: result: yes
configure:22919: checking stdio.h presence
configure:22919: g++ -std=c++11 -E  -DDEBUG -DDEBUG_LOCKORDER -DHAVE_BUILD_INFO -D__STDC_FORMAT_MACROS conftest.cpp
configure:22919: $? = 0
configure:22919: result: yes
configure:22919: checking for stdio.h
configure:22919: result: yes
configure:22919: checking for stdlib.h
configure:22919: result: yes
configure:22919: checking for unistd.h
configure:22919: result: yes
configure:22919: checking for strings.h
configure:22919: result: yes
configure:22919: checking for sys/types.h
configure:22919: result: yes
configure:22919: checking for sys/stat.h
configure:22919: result: yes
configure:22919: checking sys/select.h usability
configure:22919: g++ -std=c++11 -c -g -O2 -g3 -O0 -Wall -Wextra -Wformat -Wformat-security -Wno-unused-parameter  -DDEBUG -DDEBUG_LOCKORDER -DHAVE_BUILD_INFO -D__STDC_FORMAT_MACROS conftest.cpp >&5
configure:22919: $? = 0
configure:22919: result: yes
configure:22919: checking sys/select.h presence
configure:22919: g++ -std=c++11 -E  -DDEBUG -DDEBUG_LOCKORDER -DHAVE_BUILD_INFO -D__STDC_FORMAT_MACROS conftest.cpp
configure:22919: $? = 0
configure:22919: result: yes
configure:22919: checking for sys/select.h
configure:22919: result: yes
configure:22919: checking sys/prctl.h usability
configure:22919: g++ -std=c++11 -c -g -O2 -g3 -O0 -Wall -Wextra -Wformat -Wformat-security -Wno-unused-parameter  -DDEBUG -DDEBUG_LOCKORDER -DHAVE_BUILD_INFO -D__STDC_FORMAT_MACROS conftest.cpp >&5
configure:22919: $? = 0
configure:22919: result: yes
configure:22919: checking sys/prctl.h presence
configure:22919: g++ -std=c++11 -E  -DDEBUG -DDEBUG_LOCKORDER -DHAVE_BUILD_INFO -D__STDC_FORMAT_MACROS conftest.cpp
configure:22919: $? = 0
configure:22919: result: yes
configure:22919: checking for sys/prctl.h
configure:22919: result: yes
configure:22930: checking whether strnlen is declared
configure:22930: g++ -std=c++11 -c -g -O2 -g3 -O0 -Wall -Wextra -Wformat -Wformat-security -Wno-unused-parameter  -DDEBUG -DDEBUG_LOCKORDER -DHAVE_BUILD_INFO -D__STDC_FORMAT_MACROS conftest.cpp >&5
configure:22930: $? = 0
configure:22930: result: yes
configure:22942: checking whether le16toh is declared
configure:22942: g++ -std=c++11 -c -g -O2 -g3 -O0 -Wall -Wextra -Wformat -Wformat-security -Wno-unused-parameter  -DDEBUG -DDEBUG_LOCKORDER -DHAVE_BUILD_INFO -D__STDC_FORMAT_MACROS conftest.cpp >&5
configure:22942: $? = 0
configure:22942: result: yes
configure:22957: checking whether le32toh is declared
configure:22957: g++ -std=c++11 -c -g -O2 -g3 -O0 -Wall -Wextra -Wformat -Wformat-security -Wno-unused-parameter  -DDEBUG -DDEBUG_LOCKORDER -DHAVE_BUILD_INFO -D__STDC_FORMAT_MACROS conftest.cpp >&5
configure:22957: $? = 0
configure:22957: result: yes
configure:22972: checking whether le64toh is declared
configure:22972: g++ -std=c++11 -c -g -O2 -g3 -O0 -Wall -Wextra -Wformat -Wformat-security -Wno-unused-parameter  -DDEBUG -DDEBUG_LOCKORDER -DHAVE_BUILD_INFO -D__STDC_FORMAT_MACROS conftest.cpp >&5
configure:22972: $? = 0
configure:22972: result: yes
configure:22987: checking whether htole16 is declared
configure:22987: g++ -std=c++11 -c -g -O2 -g3 -O0 -Wall -Wextra -Wformat -Wformat-security -Wno-unused-parameter  -DDEBUG -DDEBUG_LOCKORDER -DHAVE_BUILD_INFO -D__STDC_FORMAT_MACROS conftest.cpp >&5
configure:22987: $? = 0
configure:22987: result: yes
configure:23002: checking whether htole32 is declared
configure:23002: g++ -std=c++11 -c -g -O2 -g3 -O0 -Wall -Wextra -Wformat -Wformat-security -Wno-unused-parameter  -DDEBUG -DDEBUG_LOCKORDER -DHAVE_BUILD_INFO -D__STDC_FORMAT_MACROS conftest.cpp >&5
configure:23002: $? = 0
configure:23002: result: yes
configure:23017: checking whether htole64 is declared
configure:23017: g++ -std=c++11 -c -g -O2 -g3 -O0 -Wall -Wextra -Wformat -Wformat-security -Wno-unused-parameter  -DDEBUG -DDEBUG_LOCKORDER -DHAVE_BUILD_INFO -D__STDC_FORMAT_MACROS conftest.cpp >&5
configure:23017: $? = 0
configure:23017: result: yes
configure:23032: checking whether be16toh is declared
configure:23032: g++ -std=c++11 -c -g -O2 -g3 -O0 -Wall -Wextra -Wformat -Wformat-security -Wno-unused-parameter  -DDEBUG -DDEBUG_LOCKORDER -DHAVE_BUILD_INFO -D__STDC_FORMAT_MACROS conftest.cpp >&5
configure:23032: $? = 0
configure:23032: result: yes
configure:23047: checking whether be32toh is declared
configure:23047: g++ -std=c++11 -c -g -O2 -g3 -O0 -Wall -Wextra -Wformat -Wformat-security -Wno-unused-parameter  -DDEBUG -DDEBUG_LOCKORDER -DHAVE_BUILD_INFO -D__STDC_FORMAT_MACROS conftest.cpp >&5
configure:23047: $? = 0
configure:23047: result: yes
configure:23062: checking whether be64toh is declared
configure:23062: g++ -std=c++11 -c -g -O2 -g3 -O0 -Wall -Wextra -Wformat -Wformat-security -Wno-unused-parameter  -DDEBUG -DDEBUG_LOCKORDER -DHAVE_BUILD_INFO -D__STDC_FORMAT_MACROS conftest.cpp >&5
configure:23062: $? = 0
configure:23062: result: yes
configure:23077: checking whether htobe16 is declared
configure:23077: g++ -std=c++11 -c -g -O2 -g3 -O0 -Wall -Wextra -Wformat -Wformat-security -Wno-unused-parameter  -DDEBUG -DDEBUG_LOCKORDER -DHAVE_BUILD_INFO -D__STDC_FORMAT_MACROS conftest.cpp >&5
configure:23077: $? = 0
configure:23077: result: yes
configure:23092: checking whether htobe32 is declared
configure:23092: g++ -std=c++11 -c -g -O2 -g3 -O0 -Wall -Wextra -Wformat -Wformat-security -Wno-unused-parameter  -DDEBUG -DDEBUG_LOCKORDER -DHAVE_BUILD_INFO -D__STDC_FORMAT_MACROS conftest.cpp >&5
configure:23092: $? = 0
configure:23092: result: yes
configure:23107: checking whether htobe64 is declared
configure:23107: g++ -std=c++11 -c -g -O2 -g3 -O0 -Wall -Wextra -Wformat -Wformat-security -Wno-unused-parameter  -DDEBUG -DDEBUG_LOCKORDER -DHAVE_BUILD_INFO -D__STDC_FORMAT_MACROS conftest.cpp >&5
configure:23107: $? = 0
configure:23107: result: yes
configure:23124: checking whether bswap_16 is declared
configure:23124: g++ -std=c++11 -c -g -O2 -g3 -O0 -Wall -Wextra -Wformat -Wformat-security -Wno-unused-parameter  -DDEBUG -DDEBUG_LOCKORDER -DHAVE_BUILD_INFO -D__STDC_FORMAT_MACROS conftest.cpp >&5
configure:23124: $? = 0
configure:23124: result: yes
configure:23137: checking whether bswap_32 is declared
configure:23137: g++ -std=c++11 -c -g -O2 -g3 -O0 -Wall -Wextra -Wformat -Wformat-security -Wno-unused-parameter  -DDEBUG -DDEBUG_LOCKORDER -DHAVE_BUILD_INFO -D__STDC_FORMAT_MACROS conftest.cpp >&5
configure:23137: $? = 0
configure:23137: result: yes
configure:23150: checking whether bswap_64 is declared
configure:23150: g++ -std=c++11 -c -g -O2 -g3 -O0 -Wall -Wextra -Wformat -Wformat-security -Wno-unused-parameter  -DDEBUG -DDEBUG_LOCKORDER -DHAVE_BUILD_INFO -D__STDC_FORMAT_MACROS conftest.cpp >&5
configure:23150: $? = 0
configure:23150: result: yes
configure:23165: checking for MSG_NOSIGNAL
configure:23178: g++ -std=c++11 -c -g -O2 -g3 -O0 -Wall -Wextra -Wformat -Wformat-security -Wno-unused-parameter  -DDEBUG -DDEBUG_LOCKORDER -DHAVE_BUILD_INFO -D__STDC_FORMAT_MACROS conftest.cpp >&5
conftest.cpp: In function 'int main()':
conftest.cpp:58:6: warning: unused variable 'f' [-Wunused-variable]
  int f = MSG_NOSIGNAL;
      ^
configure:23178: $? = 0
configure:23179: result: yes
configure:23190: checking for visibility attribute
configure:23199: g++ -std=c++11 -o conftest -g -O2 -g3 -O0 -Wall -Wextra -Wformat -Wformat-security -Wno-unused-parameter  -DDEBUG -DDEBUG_LOCKORDER -DHAVE_BUILD_INFO -D__STDC_FORMAT_MACROS  conftest.cpp  >&5
configure:23199: $? = 0
configure:23204: result: yes
configure:23275: checking for Berkeley DB C++ headers
configure:23306: g++ -std=c++11 -c -g -O2 -g3 -O0 -Wall -Wextra -Wformat -Wformat-security -Wno-unused-parameter  -DDEBUG -DDEBUG_LOCKORDER -DHAVE_BUILD_INFO -D__STDC_FORMAT_MACROS conftest.cpp >&5
conftest.cpp:57:33: fatal error: bdb4.8/db_cxx.h: No such file or directory
compilation terminated.
configure:23306: $? = 1
configure: failed program was:
| /* confdefs.h */
| #define PACKAGE_NAME "Zcoin Core"
| #define PACKAGE_TARNAME "zcoin"
| #define PACKAGE_VERSION "0.13.2"
| #define PACKAGE_STRING "Zcoin Core 0.13.2"
| #define PACKAGE_BUGREPORT "https://github.com/zcoinofficial/zcoin/issues"
| #define PACKAGE_URL "https://zcoin.io/"
| #define HAVE_CXX11 1
| #define STDC_HEADERS 1
| #define HAVE_SYS_TYPES_H 1
| #define HAVE_SYS_STAT_H 1
| #define HAVE_STDLIB_H 1
| #define HAVE_STRING_H 1
| #define HAVE_MEMORY_H 1
| #define HAVE_STRINGS_H 1
| #define HAVE_INTTYPES_H 1
| #define HAVE_STDINT_H 1
| #define HAVE_UNISTD_H 1
| #define HAVE_DLFCN_H 1
| #define LT_OBJDIR ".libs/"
| #define HAVE_PTHREAD_PRIO_INHERIT 1
| #define HAVE_PTHREAD 1
| #define HAVE_DECL_STRERROR_R 1
| #define HAVE_STRERROR_R 1
| #define STRERROR_R_CHAR_P 1
| #define HAVE_FUNC_ATTRIBUTE_VISIBILITY 1
| #define HAVE_ENDIAN_H 1
| #define HAVE_BYTESWAP_H 1
| #define HAVE_STDIO_H 1
| #define HAVE_STDLIB_H 1
| #define HAVE_UNISTD_H 1
| #define HAVE_STRINGS_H 1
| #define HAVE_SYS_TYPES_H 1
| #define HAVE_SYS_STAT_H 1
| #define HAVE_SYS_SELECT_H 1
| #define HAVE_SYS_PRCTL_H 1
| #define HAVE_DECL_STRNLEN 1
| #define HAVE_DECL_LE16TOH 1
| #define HAVE_DECL_LE32TOH 1
| #define HAVE_DECL_LE64TOH 1
| #define HAVE_DECL_HTOLE16 1
| #define HAVE_DECL_HTOLE32 1
| #define HAVE_DECL_HTOLE64 1
| #define HAVE_DECL_BE16TOH 1
| #define HAVE_DECL_BE32TOH 1
| #define HAVE_DECL_BE64TOH 1
| #define HAVE_DECL_HTOBE16 1
| #define HAVE_DECL_HTOBE32 1
| #define HAVE_DECL_HTOBE64 1
| #define HAVE_DECL_BSWAP_16 1
| #define HAVE_DECL_BSWAP_32 1
| #define HAVE_DECL_BSWAP_64 1
| #define HAVE_MSG_NOSIGNAL 1
| #define HAVE_VISIBILITY_ATTRIBUTE 1
| /* end confdefs.h.  */
| 
|       #include <bdb4.8/db_cxx.h>
| 
| int
| main ()
| {
| 
|       #if !((DB_VERSION_MAJOR == 4 && DB_VERSION_MINOR >= 8) || DB_VERSION_MAJOR > 4)
|         #error "failed to find bdb 4.8+"
|       #endif
| 
|   ;
|   return 0;
| }
configure:23306: g++ -std=c++11 -c -g -O2 -g3 -O0 -Wall -Wextra -Wformat -Wformat-security -Wno-unused-parameter  -DDEBUG -DDEBUG_LOCKORDER -DHAVE_BUILD_INFO -D__STDC_FORMAT_MACROS conftest.cpp >&5
conftest.cpp:57:35: fatal error: libdb4.8/db_cxx.h: No such file or directory
compilation terminated.
configure:23306: $? = 1
configure: failed program was:
| /* confdefs.h */
| #define PACKAGE_NAME "Zcoin Core"
| #define PACKAGE_TARNAME "zcoin"
| #define PACKAGE_VERSION "0.13.2"
| #define PACKAGE_STRING "Zcoin Core 0.13.2"
| #define PACKAGE_BUGREPORT "https://github.com/zcoinofficial/zcoin/issues"
| #define PACKAGE_URL "https://zcoin.io/"
| #define HAVE_CXX11 1
| #define STDC_HEADERS 1
| #define HAVE_SYS_TYPES_H 1
| #define HAVE_SYS_STAT_H 1
| #define HAVE_STDLIB_H 1
| #define HAVE_STRING_H 1
| #define HAVE_MEMORY_H 1
| #define HAVE_STRINGS_H 1
| #define HAVE_INTTYPES_H 1
| #define HAVE_STDINT_H 1
| #define HAVE_UNISTD_H 1
| #define HAVE_DLFCN_H 1
| #define LT_OBJDIR ".libs/"
| #define HAVE_PTHREAD_PRIO_INHERIT 1
| #define HAVE_PTHREAD 1
| #define HAVE_DECL_STRERROR_R 1
| #define HAVE_STRERROR_R 1
| #define STRERROR_R_CHAR_P 1
| #define HAVE_FUNC_ATTRIBUTE_VISIBILITY 1
| #define HAVE_ENDIAN_H 1
| #define HAVE_BYTESWAP_H 1
| #define HAVE_STDIO_H 1
| #define HAVE_STDLIB_H 1
| #define HAVE_UNISTD_H 1
| #define HAVE_STRINGS_H 1
| #define HAVE_SYS_TYPES_H 1
| #define HAVE_SYS_STAT_H 1
| #define HAVE_SYS_SELECT_H 1
| #define HAVE_SYS_PRCTL_H 1
| #define HAVE_DECL_STRNLEN 1
| #define HAVE_DECL_LE16TOH 1
| #define HAVE_DECL_LE32TOH 1
| #define HAVE_DECL_LE64TOH 1
| #define HAVE_DECL_HTOLE16 1
| #define HAVE_DECL_HTOLE32 1
| #define HAVE_DECL_HTOLE64 1
| #define HAVE_DECL_BE16TOH 1
| #define HAVE_DECL_BE32TOH 1
| #define HAVE_DECL_BE64TOH 1
| #define HAVE_DECL_HTOBE16 1
| #define HAVE_DECL_HTOBE32 1
| #define HAVE_DECL_HTOBE64 1
| #define HAVE_DECL_BSWAP_16 1
| #define HAVE_DECL_BSWAP_32 1
| #define HAVE_DECL_BSWAP_64 1
| #define HAVE_MSG_NOSIGNAL 1
| #define HAVE_VISIBILITY_ATTRIBUTE 1
| /* end confdefs.h.  */
| 
|       #include <libdb4.8/db_cxx.h>
| 
| int
| main ()
| {
| 
|       #if !((DB_VERSION_MAJOR == 4 && DB_VERSION_MINOR >= 8) || DB_VERSION_MAJOR > 4)
|         #error "failed to find bdb 4.8+"
|       #endif
| 
|   ;
|   return 0;
| }
configure:23306: g++ -std=c++11 -c -g -O2 -g3 -O0 -Wall -Wextra -Wformat -Wformat-security -Wno-unused-parameter  -DDEBUG -DDEBUG_LOCKORDER -DHAVE_BUILD_INFO -D__STDC_FORMAT_MACROS conftest.cpp >&5
conftest.cpp:57:32: fatal error: db4.8/db_cxx.h: No such file or directory
compilation terminated.
configure:23306: $? = 1
configure: failed program was:
| /* confdefs.h */
| #define PACKAGE_NAME "Zcoin Core"
| #define PACKAGE_TARNAME "zcoin"
| #define PACKAGE_VERSION "0.13.2"
| #define PACKAGE_STRING "Zcoin Core 0.13.2"
| #define PACKAGE_BUGREPORT "https://github.com/zcoinofficial/zcoin/issues"
| #define PACKAGE_URL "https://zcoin.io/"
| #define HAVE_CXX11 1
| #define STDC_HEADERS 1
| #define HAVE_SYS_TYPES_H 1
| #define HAVE_SYS_STAT_H 1
| #define HAVE_STDLIB_H 1
| #define HAVE_STRING_H 1
| #define HAVE_MEMORY_H 1
| #define HAVE_STRINGS_H 1
| #define HAVE_INTTYPES_H 1
| #define HAVE_STDINT_H 1
| #define HAVE_UNISTD_H 1
| #define HAVE_DLFCN_H 1
| #define LT_OBJDIR ".libs/"
| #define HAVE_PTHREAD_PRIO_INHERIT 1
| #define HAVE_PTHREAD 1
| #define HAVE_DECL_STRERROR_R 1
| #define HAVE_STRERROR_R 1
| #define STRERROR_R_CHAR_P 1
| #define HAVE_FUNC_ATTRIBUTE_VISIBILITY 1
| #define HAVE_ENDIAN_H 1
| #define HAVE_BYTESWAP_H 1
| #define HAVE_STDIO_H 1
| #define HAVE_STDLIB_H 1
| #define HAVE_UNISTD_H 1
| #define HAVE_STRINGS_H 1
| #define HAVE_SYS_TYPES_H 1
| #define HAVE_SYS_STAT_H 1
| #define HAVE_SYS_SELECT_H 1
| #define HAVE_SYS_PRCTL_H 1
| #define HAVE_DECL_STRNLEN 1
| #define HAVE_DECL_LE16TOH 1
| #define HAVE_DECL_LE32TOH 1
| #define HAVE_DECL_LE64TOH 1
| #define HAVE_DECL_HTOLE16 1
| #define HAVE_DECL_HTOLE32 1
| #define HAVE_DECL_HTOLE64 1
| #define HAVE_DECL_BE16TOH 1
| #define HAVE_DECL_BE32TOH 1
| #define HAVE_DECL_BE64TOH 1
| #define HAVE_DECL_HTOBE16 1
| #define HAVE_DECL_HTOBE32 1
| #define HAVE_DECL_HTOBE64 1
| #define HAVE_DECL_BSWAP_16 1
| #define HAVE_DECL_BSWAP_32 1
| #define HAVE_DECL_BSWAP_64 1
| #define HAVE_MSG_NOSIGNAL 1
| #define HAVE_VISIBILITY_ATTRIBUTE 1
| /* end confdefs.h.  */
| 
|       #include <db4.8/db_cxx.h>
| 
| int
| main ()
| {
| 
|       #if !((DB_VERSION_MAJOR == 4 && DB_VERSION_MINOR >= 8) || DB_VERSION_MAJOR > 4)
|         #error "failed to find bdb 4.8+"
|       #endif
| 
|   ;
|   return 0;
| }
configure:23306: g++ -std=c++11 -c -g -O2 -g3 -O0 -Wall -Wextra -Wformat -Wformat-security -Wno-unused-parameter  -DDEBUG -DDEBUG_LOCKORDER -DHAVE_BUILD_INFO -D__STDC_FORMAT_MACROS conftest.cpp >&5
conftest.cpp:57:32: fatal error: bdb48/db_cxx.h: No such file or directory
compilation terminated.
configure:23306: $? = 1
configure: failed program was:
| /* confdefs.h */
| #define PACKAGE_NAME "Zcoin Core"
| #define PACKAGE_TARNAME "zcoin"
| #define PACKAGE_VERSION "0.13.2"
| #define PACKAGE_STRING "Zcoin Core 0.13.2"
| #define PACKAGE_BUGREPORT "https://github.com/zcoinofficial/zcoin/issues"
| #define PACKAGE_URL "https://zcoin.io/"
| #define HAVE_CXX11 1
| #define STDC_HEADERS 1
| #define HAVE_SYS_TYPES_H 1
| #define HAVE_SYS_STAT_H 1
| #define HAVE_STDLIB_H 1
| #define HAVE_STRING_H 1
| #define HAVE_MEMORY_H 1
| #define HAVE_STRINGS_H 1
| #define HAVE_INTTYPES_H 1
| #define HAVE_STDINT_H 1
| #define HAVE_UNISTD_H 1
| #define HAVE_DLFCN_H 1
| #define LT_OBJDIR ".libs/"
| #define HAVE_PTHREAD_PRIO_INHERIT 1
| #define HAVE_PTHREAD 1
| #define HAVE_DECL_STRERROR_R 1
| #define HAVE_STRERROR_R 1
| #define STRERROR_R_CHAR_P 1
| #define HAVE_FUNC_ATTRIBUTE_VISIBILITY 1
| #define HAVE_ENDIAN_H 1
| #define HAVE_BYTESWAP_H 1
| #define HAVE_STDIO_H 1
| #define HAVE_STDLIB_H 1
| #define HAVE_UNISTD_H 1
| #define HAVE_STRINGS_H 1
| #define HAVE_SYS_TYPES_H 1
| #define HAVE_SYS_STAT_H 1
| #define HAVE_SYS_SELECT_H 1
| #define HAVE_SYS_PRCTL_H 1
| #define HAVE_DECL_STRNLEN 1
| #define HAVE_DECL_LE16TOH 1
| #define HAVE_DECL_LE32TOH 1
| #define HAVE_DECL_LE64TOH 1
| #define HAVE_DECL_HTOLE16 1
| #define HAVE_DECL_HTOLE32 1
| #define HAVE_DECL_HTOLE64 1
| #define HAVE_DECL_BE16TOH 1
| #define HAVE_DECL_BE32TOH 1
| #define HAVE_DECL_BE64TOH 1
| #define HAVE_DECL_HTOBE16 1
| #define HAVE_DECL_HTOBE32 1
| #define HAVE_DECL_HTOBE64 1
| #define HAVE_DECL_BSWAP_16 1
| #define HAVE_DECL_BSWAP_32 1
| #define HAVE_DECL_BSWAP_64 1
| #define HAVE_MSG_NOSIGNAL 1
| #define HAVE_VISIBILITY_ATTRIBUTE 1
| /* end confdefs.h.  */
| 
|       #include <bdb48/db_cxx.h>
| 
| int
| main ()
| {
| 
|       #if !((DB_VERSION_MAJOR == 4 && DB_VERSION_MINOR >= 8) || DB_VERSION_MAJOR > 4)
|         #error "failed to find bdb 4.8+"
|       #endif
| 
|   ;
|   return 0;
| }
configure:23306: g++ -std=c++11 -c -g -O2 -g3 -O0 -Wall -Wextra -Wformat -Wformat-security -Wno-unused-parameter  -DDEBUG -DDEBUG_LOCKORDER -DHAVE_BUILD_INFO -D__STDC_FORMAT_MACROS conftest.cpp >&5
conftest.cpp:57:34: fatal error: libdb48/db_cxx.h: No such file or directory
compilation terminated.
configure:23306: $? = 1
configure: failed program was:
| /* confdefs.h */
| #define PACKAGE_NAME "Zcoin Core"
| #define PACKAGE_TARNAME "zcoin"
| #define PACKAGE_VERSION "0.13.2"
| #define PACKAGE_STRING "Zcoin Core 0.13.2"
| #define PACKAGE_BUGREPORT "https://github.com/zcoinofficial/zcoin/issues"
| #define PACKAGE_URL "https://zcoin.io/"
| #define HAVE_CXX11 1
| #define STDC_HEADERS 1
| #define HAVE_SYS_TYPES_H 1
| #define HAVE_SYS_STAT_H 1
| #define HAVE_STDLIB_H 1
| #define HAVE_STRING_H 1
| #define HAVE_MEMORY_H 1
| #define HAVE_STRINGS_H 1
| #define HAVE_INTTYPES_H 1
| #define HAVE_STDINT_H 1
| #define HAVE_UNISTD_H 1
| #define HAVE_DLFCN_H 1
| #define LT_OBJDIR ".libs/"
| #define HAVE_PTHREAD_PRIO_INHERIT 1
| #define HAVE_PTHREAD 1
| #define HAVE_DECL_STRERROR_R 1
| #define HAVE_STRERROR_R 1
| #define STRERROR_R_CHAR_P 1
| #define HAVE_FUNC_ATTRIBUTE_VISIBILITY 1
| #define HAVE_ENDIAN_H 1
| #define HAVE_BYTESWAP_H 1
| #define HAVE_STDIO_H 1
| #define HAVE_STDLIB_H 1
| #define HAVE_UNISTD_H 1
| #define HAVE_STRINGS_H 1
| #define HAVE_SYS_TYPES_H 1
| #define HAVE_SYS_STAT_H 1
| #define HAVE_SYS_SELECT_H 1
| #define HAVE_SYS_PRCTL_H 1
| #define HAVE_DECL_STRNLEN 1
| #define HAVE_DECL_LE16TOH 1
| #define HAVE_DECL_LE32TOH 1
| #define HAVE_DECL_LE64TOH 1
| #define HAVE_DECL_HTOLE16 1
| #define HAVE_DECL_HTOLE32 1
| #define HAVE_DECL_HTOLE64 1
| #define HAVE_DECL_BE16TOH 1
| #define HAVE_DECL_BE32TOH 1
| #define HAVE_DECL_BE64TOH 1
| #define HAVE_DECL_HTOBE16 1
| #define HAVE_DECL_HTOBE32 1
| #define HAVE_DECL_HTOBE64 1
| #define HAVE_DECL_BSWAP_16 1
| #define HAVE_DECL_BSWAP_32 1
| #define HAVE_DECL_BSWAP_64 1
| #define HAVE_MSG_NOSIGNAL 1
| #define HAVE_VISIBILITY_ATTRIBUTE 1
| /* end confdefs.h.  */
| 
|       #include <libdb48/db_cxx.h>
| 
| int
| main ()
| {
| 
|       #if !((DB_VERSION_MAJOR == 4 && DB_VERSION_MINOR >= 8) || DB_VERSION_MAJOR > 4)
|         #error "failed to find bdb 4.8+"
|       #endif
| 
|   ;
|   return 0;
| }
configure:23306: g++ -std=c++11 -c -g -O2 -g3 -O0 -Wall -Wextra -Wformat -Wformat-security -Wno-unused-parameter  -DDEBUG -DDEBUG_LOCKORDER -DHAVE_BUILD_INFO -D__STDC_FORMAT_MACROS conftest.cpp >&5
conftest.cpp:57:31: fatal error: db48/db_cxx.h: No such file or directory
compilation terminated.
configure:23306: $? = 1
configure: failed program was:
| /* confdefs.h */
| #define PACKAGE_NAME "Zcoin Core"
| #define PACKAGE_TARNAME "zcoin"
| #define PACKAGE_VERSION "0.13.2"
| #define PACKAGE_STRING "Zcoin Core 0.13.2"
| #define PACKAGE_BUGREPORT "https://github.com/zcoinofficial/zcoin/issues"
| #define PACKAGE_URL "https://zcoin.io/"
| #define HAVE_CXX11 1
| #define STDC_HEADERS 1
| #define HAVE_SYS_TYPES_H 1
| #define HAVE_SYS_STAT_H 1
| #define HAVE_STDLIB_H 1
| #define HAVE_STRING_H 1
| #define HAVE_MEMORY_H 1
| #define HAVE_STRINGS_H 1
| #define HAVE_INTTYPES_H 1
| #define HAVE_STDINT_H 1
| #define HAVE_UNISTD_H 1
| #define HAVE_DLFCN_H 1
| #define LT_OBJDIR ".libs/"
| #define HAVE_PTHREAD_PRIO_INHERIT 1
| #define HAVE_PTHREAD 1
| #define HAVE_DECL_STRERROR_R 1
| #define HAVE_STRERROR_R 1
| #define STRERROR_R_CHAR_P 1
| #define HAVE_FUNC_ATTRIBUTE_VISIBILITY 1
| #define HAVE_ENDIAN_H 1
| #define HAVE_BYTESWAP_H 1
| #define HAVE_STDIO_H 1
| #define HAVE_STDLIB_H 1
| #define HAVE_UNISTD_H 1
| #define HAVE_STRINGS_H 1
| #define HAVE_SYS_TYPES_H 1
| #define HAVE_SYS_STAT_H 1
| #define HAVE_SYS_SELECT_H 1
| #define HAVE_SYS_PRCTL_H 1
| #define HAVE_DECL_STRNLEN 1
| #define HAVE_DECL_LE16TOH 1
| #define HAVE_DECL_LE32TOH 1
| #define HAVE_DECL_LE64TOH 1
| #define HAVE_DECL_HTOLE16 1
| #define HAVE_DECL_HTOLE32 1
| #define HAVE_DECL_HTOLE64 1
| #define HAVE_DECL_BE16TOH 1
| #define HAVE_DECL_BE32TOH 1
| #define HAVE_DECL_BE64TOH 1
| #define HAVE_DECL_HTOBE16 1
| #define HAVE_DECL_HTOBE32 1
| #define HAVE_DECL_HTOBE64 1
| #define HAVE_DECL_BSWAP_16 1
| #define HAVE_DECL_BSWAP_32 1
| #define HAVE_DECL_BSWAP_64 1
| #define HAVE_MSG_NOSIGNAL 1
| #define HAVE_VISIBILITY_ATTRIBUTE 1
| /* end confdefs.h.  */
| 
|       #include <db48/db_cxx.h>
| 
| int
| main ()
| {
| 
|       #if !((DB_VERSION_MAJOR == 4 && DB_VERSION_MINOR >= 8) || DB_VERSION_MAJOR > 4)
|         #error "failed to find bdb 4.8+"
|       #endif
| 
|   ;
|   return 0;
| }
configure:23306: g++ -std=c++11 -c -g -O2 -g3 -O0 -Wall -Wextra -Wformat -Wformat-security -Wno-unused-parameter  -DDEBUG -DDEBUG_LOCKORDER -DHAVE_BUILD_INFO -D__STDC_FORMAT_MACROS conftest.cpp >&5
conftest.cpp:57:31: fatal error: bdb4/db_cxx.h: No such file or directory
compilation terminated.
configure:23306: $? = 1
configure: failed program was:
| /* confdefs.h */
| #define PACKAGE_NAME "Zcoin Core"
| #define PACKAGE_TARNAME "zcoin"
| #define PACKAGE_VERSION "0.13.2"
| #define PACKAGE_STRING "Zcoin Core 0.13.2"
| #define PACKAGE_BUGREPORT "https://github.com/zcoinofficial/zcoin/issues"
| #define PACKAGE_URL "https://zcoin.io/"
| #define HAVE_CXX11 1
| #define STDC_HEADERS 1
| #define HAVE_SYS_TYPES_H 1
| #define HAVE_SYS_STAT_H 1
| #define HAVE_STDLIB_H 1
| #define HAVE_STRING_H 1
| #define HAVE_MEMORY_H 1
| #define HAVE_STRINGS_H 1
| #define HAVE_INTTYPES_H 1
| #define HAVE_STDINT_H 1
| #define HAVE_UNISTD_H 1
| #define HAVE_DLFCN_H 1
| #define LT_OBJDIR ".libs/"
| #define HAVE_PTHREAD_PRIO_INHERIT 1
| #define HAVE_PTHREAD 1
| #define HAVE_DECL_STRERROR_R 1
| #define HAVE_STRERROR_R 1
| #define STRERROR_R_CHAR_P 1
| #define HAVE_FUNC_ATTRIBUTE_VISIBILITY 1
| #define HAVE_ENDIAN_H 1
| #define HAVE_BYTESWAP_H 1
| #define HAVE_STDIO_H 1
| #define HAVE_STDLIB_H 1
| #define HAVE_UNISTD_H 1
| #define HAVE_STRINGS_H 1
| #define HAVE_SYS_TYPES_H 1
| #define HAVE_SYS_STAT_H 1
| #define HAVE_SYS_SELECT_H 1
| #define HAVE_SYS_PRCTL_H 1
| #define HAVE_DECL_STRNLEN 1
| #define HAVE_DECL_LE16TOH 1
| #define HAVE_DECL_LE32TOH 1
| #define HAVE_DECL_LE64TOH 1
| #define HAVE_DECL_HTOLE16 1
| #define HAVE_DECL_HTOLE32 1
| #define HAVE_DECL_HTOLE64 1
| #define HAVE_DECL_BE16TOH 1
| #define HAVE_DECL_BE32TOH 1
| #define HAVE_DECL_BE64TOH 1
| #define HAVE_DECL_HTOBE16 1
| #define HAVE_DECL_HTOBE32 1
| #define HAVE_DECL_HTOBE64 1
| #define HAVE_DECL_BSWAP_16 1
| #define HAVE_DECL_BSWAP_32 1
| #define HAVE_DECL_BSWAP_64 1
| #define HAVE_MSG_NOSIGNAL 1
| #define HAVE_VISIBILITY_ATTRIBUTE 1
| /* end confdefs.h.  */
| 
|       #include <bdb4/db_cxx.h>
| 
| int
| main ()
| {
| 
|       #if !((DB_VERSION_MAJOR == 4 && DB_VERSION_MINOR >= 8) || DB_VERSION_MAJOR > 4)
|         #error "failed to find bdb 4.8+"
|       #endif
| 
|   ;
|   return 0;
| }
configure:23306: g++ -std=c++11 -c -g -O2 -g3 -O0 -Wall -Wextra -Wformat -Wformat-security -Wno-unused-parameter  -DDEBUG -DDEBUG_LOCKORDER -DHAVE_BUILD_INFO -D__STDC_FORMAT_MACROS conftest.cpp >&5
conftest.cpp:57:33: fatal error: libdb4/db_cxx.h: No such file or directory
compilation terminated.
configure:23306: $? = 1
configure: failed program was:
| /* confdefs.h */
| #define PACKAGE_NAME "Zcoin Core"
| #define PACKAGE_TARNAME "zcoin"
| #define PACKAGE_VERSION "0.13.2"
| #define PACKAGE_STRING "Zcoin Core 0.13.2"
| #define PACKAGE_BUGREPORT "https://github.com/zcoinofficial/zcoin/issues"
| #define PACKAGE_URL "https://zcoin.io/"
| #define HAVE_CXX11 1
| #define STDC_HEADERS 1
| #define HAVE_SYS_TYPES_H 1
| #define HAVE_SYS_STAT_H 1
| #define HAVE_STDLIB_H 1
| #define HAVE_STRING_H 1
| #define HAVE_MEMORY_H 1
| #define HAVE_STRINGS_H 1
| #define HAVE_INTTYPES_H 1
| #define HAVE_STDINT_H 1
| #define HAVE_UNISTD_H 1
| #define HAVE_DLFCN_H 1
| #define LT_OBJDIR ".libs/"
| #define HAVE_PTHREAD_PRIO_INHERIT 1
| #define HAVE_PTHREAD 1
| #define HAVE_DECL_STRERROR_R 1
| #define HAVE_STRERROR_R 1
| #define STRERROR_R_CHAR_P 1
| #define HAVE_FUNC_ATTRIBUTE_VISIBILITY 1
| #define HAVE_ENDIAN_H 1
| #define HAVE_BYTESWAP_H 1
| #define HAVE_STDIO_H 1
| #define HAVE_STDLIB_H 1
| #define HAVE_UNISTD_H 1
| #define HAVE_STRINGS_H 1
| #define HAVE_SYS_TYPES_H 1
| #define HAVE_SYS_STAT_H 1
| #define HAVE_SYS_SELECT_H 1
| #define HAVE_SYS_PRCTL_H 1
| #define HAVE_DECL_STRNLEN 1
| #define HAVE_DECL_LE16TOH 1
| #define HAVE_DECL_LE32TOH 1
| #define HAVE_DECL_LE64TOH 1
| #define HAVE_DECL_HTOLE16 1
| #define HAVE_DECL_HTOLE32 1
| #define HAVE_DECL_HTOLE64 1
| #define HAVE_DECL_BE16TOH 1
| #define HAVE_DECL_BE32TOH 1
| #define HAVE_DECL_BE64TOH 1
| #define HAVE_DECL_HTOBE16 1
| #define HAVE_DECL_HTOBE32 1
| #define HAVE_DECL_HTOBE64 1
| #define HAVE_DECL_BSWAP_16 1
| #define HAVE_DECL_BSWAP_32 1
| #define HAVE_DECL_BSWAP_64 1
| #define HAVE_MSG_NOSIGNAL 1
| #define HAVE_VISIBILITY_ATTRIBUTE 1
| /* end confdefs.h.  */
| 
|       #include <libdb4/db_cxx.h>
| 
| int
| main ()
| {
| 
|       #if !((DB_VERSION_MAJOR == 4 && DB_VERSION_MINOR >= 8) || DB_VERSION_MAJOR > 4)
|         #error "failed to find bdb 4.8+"
|       #endif
| 
|   ;
|   return 0;
| }
configure:23306: g++ -std=c++11 -c -g -O2 -g3 -O0 -Wall -Wextra -Wformat -Wformat-security -Wno-unused-parameter  -DDEBUG -DDEBUG_LOCKORDER -DHAVE_BUILD_INFO -D__STDC_FORMAT_MACROS conftest.cpp >&5
conftest.cpp:57:30: fatal error: db4/db_cxx.h: No such file or directory
compilation terminated.
configure:23306: $? = 1
configure: failed program was:
| /* confdefs.h */
| #define PACKAGE_NAME "Zcoin Core"
| #define PACKAGE_TARNAME "zcoin"
| #define PACKAGE_VERSION "0.13.2"
| #define PACKAGE_STRING "Zcoin Core 0.13.2"
| #define PACKAGE_BUGREPORT "https://github.com/zcoinofficial/zcoin/issues"
| #define PACKAGE_URL "https://zcoin.io/"
| #define HAVE_CXX11 1
| #define STDC_HEADERS 1
| #define HAVE_SYS_TYPES_H 1
| #define HAVE_SYS_STAT_H 1
| #define HAVE_STDLIB_H 1
| #define HAVE_STRING_H 1
| #define HAVE_MEMORY_H 1
| #define HAVE_STRINGS_H 1
| #define HAVE_INTTYPES_H 1
| #define HAVE_STDINT_H 1
| #define HAVE_UNISTD_H 1
| #define HAVE_DLFCN_H 1
| #define LT_OBJDIR ".libs/"
| #define HAVE_PTHREAD_PRIO_INHERIT 1
| #define HAVE_PTHREAD 1
| #define HAVE_DECL_STRERROR_R 1
| #define HAVE_STRERROR_R 1
| #define STRERROR_R_CHAR_P 1
| #define HAVE_FUNC_ATTRIBUTE_VISIBILITY 1
| #define HAVE_ENDIAN_H 1
| #define HAVE_BYTESWAP_H 1
| #define HAVE_STDIO_H 1
| #define HAVE_STDLIB_H 1
| #define HAVE_UNISTD_H 1
| #define HAVE_STRINGS_H 1
| #define HAVE_SYS_TYPES_H 1
| #define HAVE_SYS_STAT_H 1
| #define HAVE_SYS_SELECT_H 1
| #define HAVE_SYS_PRCTL_H 1
| #define HAVE_DECL_STRNLEN 1
| #define HAVE_DECL_LE16TOH 1
| #define HAVE_DECL_LE32TOH 1
| #define HAVE_DECL_LE64TOH 1
| #define HAVE_DECL_HTOLE16 1
| #define HAVE_DECL_HTOLE32 1
| #define HAVE_DECL_HTOLE64 1
| #define HAVE_DECL_BE16TOH 1
| #define HAVE_DECL_BE32TOH 1
| #define HAVE_DECL_BE64TOH 1
| #define HAVE_DECL_HTOBE16 1
| #define HAVE_DECL_HTOBE32 1
| #define HAVE_DECL_HTOBE64 1
| #define HAVE_DECL_BSWAP_16 1
| #define HAVE_DECL_BSWAP_32 1
| #define HAVE_DECL_BSWAP_64 1
| #define HAVE_MSG_NOSIGNAL 1
| #define HAVE_VISIBILITY_ATTRIBUTE 1
| /* end confdefs.h.  */
| 
|       #include <db4/db_cxx.h>
| 
| int
| main ()
| {
| 
|       #if !((DB_VERSION_MAJOR == 4 && DB_VERSION_MINOR >= 8) || DB_VERSION_MAJOR > 4)
|         #error "failed to find bdb 4.8+"
|       #endif
| 
|   ;
|   return 0;
| }
configure:23306: g++ -std=c++11 -c -g -O2 -g3 -O0 -Wall -Wextra -Wformat -Wformat-security -Wno-unused-parameter  -DDEBUG -DDEBUG_LOCKORDER -DHAVE_BUILD_INFO -D__STDC_FORMAT_MACROS conftest.cpp >&5
conftest.cpp:57:31: fatal error: bdb5/db_cxx.h: No such file or directory
compilation terminated.
configure:23306: $? = 1
configure: failed program was:
| /* confdefs.h */
| #define PACKAGE_NAME "Zcoin Core"
| #define PACKAGE_TARNAME "zcoin"
| #define PACKAGE_VERSION "0.13.2"
| #define PACKAGE_STRING "Zcoin Core 0.13.2"
| #define PACKAGE_BUGREPORT "https://github.com/zcoinofficial/zcoin/issues"
| #define PACKAGE_URL "https://zcoin.io/"
| #define HAVE_CXX11 1
| #define STDC_HEADERS 1
| #define HAVE_SYS_TYPES_H 1
| #define HAVE_SYS_STAT_H 1
| #define HAVE_STDLIB_H 1
| #define HAVE_STRING_H 1
| #define HAVE_MEMORY_H 1
| #define HAVE_STRINGS_H 1
| #define HAVE_INTTYPES_H 1
| #define HAVE_STDINT_H 1
| #define HAVE_UNISTD_H 1
| #define HAVE_DLFCN_H 1
| #define LT_OBJDIR ".libs/"
| #define HAVE_PTHREAD_PRIO_INHERIT 1
| #define HAVE_PTHREAD 1
| #define HAVE_DECL_STRERROR_R 1
| #define HAVE_STRERROR_R 1
| #define STRERROR_R_CHAR_P 1
| #define HAVE_FUNC_ATTRIBUTE_VISIBILITY 1
| #define HAVE_ENDIAN_H 1
| #define HAVE_BYTESWAP_H 1
| #define HAVE_STDIO_H 1
| #define HAVE_STDLIB_H 1
| #define HAVE_UNISTD_H 1
| #define HAVE_STRINGS_H 1
| #define HAVE_SYS_TYPES_H 1
| #define HAVE_SYS_STAT_H 1
| #define HAVE_SYS_SELECT_H 1
| #define HAVE_SYS_PRCTL_H 1
| #define HAVE_DECL_STRNLEN 1
| #define HAVE_DECL_LE16TOH 1
| #define HAVE_DECL_LE32TOH 1
| #define HAVE_DECL_LE64TOH 1
| #define HAVE_DECL_HTOLE16 1
| #define HAVE_DECL_HTOLE32 1
| #define HAVE_DECL_HTOLE64 1
| #define HAVE_DECL_BE16TOH 1
| #define HAVE_DECL_BE32TOH 1
| #define HAVE_DECL_BE64TOH 1
| #define HAVE_DECL_HTOBE16 1
| #define HAVE_DECL_HTOBE32 1
| #define HAVE_DECL_HTOBE64 1
| #define HAVE_DECL_BSWAP_16 1
| #define HAVE_DECL_BSWAP_32 1
| #define HAVE_DECL_BSWAP_64 1
| #define HAVE_MSG_NOSIGNAL 1
| #define HAVE_VISIBILITY_ATTRIBUTE 1
| /* end confdefs.h.  */
| 
|       #include <bdb5/db_cxx.h>
| 
| int
| main ()
| {
| 
|       #if !((DB_VERSION_MAJOR == 4 && DB_VERSION_MINOR >= 8) || DB_VERSION_MAJOR > 4)
|         #error "failed to find bdb 4.8+"
|       #endif
| 
|   ;
|   return 0;
| }
configure:23306: g++ -std=c++11 -c -g -O2 -g3 -O0 -Wall -Wextra -Wformat -Wformat-security -Wno-unused-parameter  -DDEBUG -DDEBUG_LOCKORDER -DHAVE_BUILD_INFO -D__STDC_FORMAT_MACROS conftest.cpp >&5
conftest.cpp:57:33: fatal error: libdb5/db_cxx.h: No such file or directory
compilation terminated.
configure:23306: $? = 1
configure: failed program was:
| /* confdefs.h */
| #define PACKAGE_NAME "Zcoin Core"
| #define PACKAGE_TARNAME "zcoin"
| #define PACKAGE_VERSION "0.13.2"
| #define PACKAGE_STRING "Zcoin Core 0.13.2"
| #define PACKAGE_BUGREPORT "https://github.com/zcoinofficial/zcoin/issues"
| #define PACKAGE_URL "https://zcoin.io/"
| #define HAVE_CXX11 1
| #define STDC_HEADERS 1
| #define HAVE_SYS_TYPES_H 1
| #define HAVE_SYS_STAT_H 1
| #define HAVE_STDLIB_H 1
| #define HAVE_STRING_H 1
| #define HAVE_MEMORY_H 1
| #define HAVE_STRINGS_H 1
| #define HAVE_INTTYPES_H 1
| #define HAVE_STDINT_H 1
| #define HAVE_UNISTD_H 1
| #define HAVE_DLFCN_H 1
| #define LT_OBJDIR ".libs/"
| #define HAVE_PTHREAD_PRIO_INHERIT 1
| #define HAVE_PTHREAD 1
| #define HAVE_DECL_STRERROR_R 1
| #define HAVE_STRERROR_R 1
| #define STRERROR_R_CHAR_P 1
| #define HAVE_FUNC_ATTRIBUTE_VISIBILITY 1
| #define HAVE_ENDIAN_H 1
| #define HAVE_BYTESWAP_H 1
| #define HAVE_STDIO_H 1
| #define HAVE_STDLIB_H 1
| #define HAVE_UNISTD_H 1
| #define HAVE_STRINGS_H 1
| #define HAVE_SYS_TYPES_H 1
| #define HAVE_SYS_STAT_H 1
| #define HAVE_SYS_SELECT_H 1
| #define HAVE_SYS_PRCTL_H 1
| #define HAVE_DECL_STRNLEN 1
| #define HAVE_DECL_LE16TOH 1
| #define HAVE_DECL_LE32TOH 1
| #define HAVE_DECL_LE64TOH 1
| #define HAVE_DECL_HTOLE16 1
| #define HAVE_DECL_HTOLE32 1
| #define HAVE_DECL_HTOLE64 1
| #define HAVE_DECL_BE16TOH 1
| #define HAVE_DECL_BE32TOH 1
| #define HAVE_DECL_BE64TOH 1
| #define HAVE_DECL_HTOBE16 1
| #define HAVE_DECL_HTOBE32 1
| #define HAVE_DECL_HTOBE64 1
| #define HAVE_DECL_BSWAP_16 1
| #define HAVE_DECL_BSWAP_32 1
| #define HAVE_DECL_BSWAP_64 1
| #define HAVE_MSG_NOSIGNAL 1
| #define HAVE_VISIBILITY_ATTRIBUTE 1
| /* end confdefs.h.  */
| 
|       #include <libdb5/db_cxx.h>
| 
| int
| main ()
| {
| 
|       #if !((DB_VERSION_MAJOR == 4 && DB_VERSION_MINOR >= 8) || DB_VERSION_MAJOR > 4)
|         #error "failed to find bdb 4.8+"
|       #endif
| 
|   ;
|   return 0;
| }
configure:23306: g++ -std=c++11 -c -g -O2 -g3 -O0 -Wall -Wextra -Wformat -Wformat-security -Wno-unused-parameter  -DDEBUG -DDEBUG_LOCKORDER -DHAVE_BUILD_INFO -D__STDC_FORMAT_MACROS conftest.cpp >&5
conftest.cpp:57:30: fatal error: db5/db_cxx.h: No such file or directory
compilation terminated.
configure:23306: $? = 1
configure: failed program was:
| /* confdefs.h */
| #define PACKAGE_NAME "Zcoin Core"
| #define PACKAGE_TARNAME "zcoin"
| #define PACKAGE_VERSION "0.13.2"
| #define PACKAGE_STRING "Zcoin Core 0.13.2"
| #define PACKAGE_BUGREPORT "https://github.com/zcoinofficial/zcoin/issues"
| #define PACKAGE_URL "https://zcoin.io/"
| #define HAVE_CXX11 1
| #define STDC_HEADERS 1
| #define HAVE_SYS_TYPES_H 1
| #define HAVE_SYS_STAT_H 1
| #define HAVE_STDLIB_H 1
| #define HAVE_STRING_H 1
| #define HAVE_MEMORY_H 1
| #define HAVE_STRINGS_H 1
| #define HAVE_INTTYPES_H 1
| #define HAVE_STDINT_H 1
| #define HAVE_UNISTD_H 1
| #define HAVE_DLFCN_H 1
| #define LT_OBJDIR ".libs/"
| #define HAVE_PTHREAD_PRIO_INHERIT 1
| #define HAVE_PTHREAD 1
| #define HAVE_DECL_STRERROR_R 1
| #define HAVE_STRERROR_R 1
| #define STRERROR_R_CHAR_P 1
| #define HAVE_FUNC_ATTRIBUTE_VISIBILITY 1
| #define HAVE_ENDIAN_H 1
| #define HAVE_BYTESWAP_H 1
| #define HAVE_STDIO_H 1
| #define HAVE_STDLIB_H 1
| #define HAVE_UNISTD_H 1
| #define HAVE_STRINGS_H 1
| #define HAVE_SYS_TYPES_H 1
| #define HAVE_SYS_STAT_H 1
| #define HAVE_SYS_SELECT_H 1
| #define HAVE_SYS_PRCTL_H 1
| #define HAVE_DECL_STRNLEN 1
| #define HAVE_DECL_LE16TOH 1
| #define HAVE_DECL_LE32TOH 1
| #define HAVE_DECL_LE64TOH 1
| #define HAVE_DECL_HTOLE16 1
| #define HAVE_DECL_HTOLE32 1
| #define HAVE_DECL_HTOLE64 1
| #define HAVE_DECL_BE16TOH 1
| #define HAVE_DECL_BE32TOH 1
| #define HAVE_DECL_BE64TOH 1
| #define HAVE_DECL_HTOBE16 1
| #define HAVE_DECL_HTOBE32 1
| #define HAVE_DECL_HTOBE64 1
| #define HAVE_DECL_BSWAP_16 1
| #define HAVE_DECL_BSWAP_32 1
| #define HAVE_DECL_BSWAP_64 1
| #define HAVE_MSG_NOSIGNAL 1
| #define HAVE_VISIBILITY_ATTRIBUTE 1
| /* end confdefs.h.  */
| 
|       #include <db5/db_cxx.h>
| 
| int
| main ()
| {
| 
|       #if !((DB_VERSION_MAJOR == 4 && DB_VERSION_MINOR >= 8) || DB_VERSION_MAJOR > 4)
|         #error "failed to find bdb 4.8+"
|       #endif
| 
|   ;
|   return 0;
| }
configure:23306: g++ -std=c++11 -c -g -O2 -g3 -O0 -Wall -Wextra -Wformat -Wformat-security -Wno-unused-parameter  -DDEBUG -DDEBUG_LOCKORDER -DHAVE_BUILD_INFO -D__STDC_FORMAT_MACROS conftest.cpp >&5
conftest.cpp:57:30: fatal error: bdb/db_cxx.h: No such file or directory
compilation terminated.
configure:23306: $? = 1
configure: failed program was:
| /* confdefs.h */
| #define PACKAGE_NAME "Zcoin Core"
| #define PACKAGE_TARNAME "zcoin"
| #define PACKAGE_VERSION "0.13.2"
| #define PACKAGE_STRING "Zcoin Core 0.13.2"
| #define PACKAGE_BUGREPORT "https://github.com/zcoinofficial/zcoin/issues"
| #define PACKAGE_URL "https://zcoin.io/"
| #define HAVE_CXX11 1
| #define STDC_HEADERS 1
| #define HAVE_SYS_TYPES_H 1
| #define HAVE_SYS_STAT_H 1
| #define HAVE_STDLIB_H 1
| #define HAVE_STRING_H 1
| #define HAVE_MEMORY_H 1
| #define HAVE_STRINGS_H 1
| #define HAVE_INTTYPES_H 1
| #define HAVE_STDINT_H 1
| #define HAVE_UNISTD_H 1
| #define HAVE_DLFCN_H 1
| #define LT_OBJDIR ".libs/"
| #define HAVE_PTHREAD_PRIO_INHERIT 1
| #define HAVE_PTHREAD 1
| #define HAVE_DECL_STRERROR_R 1
| #define HAVE_STRERROR_R 1
| #define STRERROR_R_CHAR_P 1
| #define HAVE_FUNC_ATTRIBUTE_VISIBILITY 1
| #define HAVE_ENDIAN_H 1
| #define HAVE_BYTESWAP_H 1
| #define HAVE_STDIO_H 1
| #define HAVE_STDLIB_H 1
| #define HAVE_UNISTD_H 1
| #define HAVE_STRINGS_H 1
| #define HAVE_SYS_TYPES_H 1
| #define HAVE_SYS_STAT_H 1
| #define HAVE_SYS_SELECT_H 1
| #define HAVE_SYS_PRCTL_H 1
| #define HAVE_DECL_STRNLEN 1
| #define HAVE_DECL_LE16TOH 1
| #define HAVE_DECL_LE32TOH 1
| #define HAVE_DECL_LE64TOH 1
| #define HAVE_DECL_HTOLE16 1
| #define HAVE_DECL_HTOLE32 1
| #define HAVE_DECL_HTOLE64 1
| #define HAVE_DECL_BE16TOH 1
| #define HAVE_DECL_BE32TOH 1
| #define HAVE_DECL_BE64TOH 1
| #define HAVE_DECL_HTOBE16 1
| #define HAVE_DECL_HTOBE32 1
| #define HAVE_DECL_HTOBE64 1
| #define HAVE_DECL_BSWAP_16 1
| #define HAVE_DECL_BSWAP_32 1
| #define HAVE_DECL_BSWAP_64 1
| #define HAVE_MSG_NOSIGNAL 1
| #define HAVE_VISIBILITY_ATTRIBUTE 1
| /* end confdefs.h.  */
| 
|       #include <bdb/db_cxx.h>
| 
| int
| main ()
| {
| 
|       #if !((DB_VERSION_MAJOR == 4 && DB_VERSION_MINOR >= 8) || DB_VERSION_MAJOR > 4)
|         #error "failed to find bdb 4.8+"
|       #endif
| 
|   ;
|   return 0;
| }
configure:23306: g++ -std=c++11 -c -g -O2 -g3 -O0 -Wall -Wextra -Wformat -Wformat-security -Wno-unused-parameter  -DDEBUG -DDEBUG_LOCKORDER -DHAVE_BUILD_INFO -D__STDC_FORMAT_MACROS conftest.cpp >&5
conftest.cpp:57:32: fatal error: libdb/db_cxx.h: No such file or directory
compilation terminated.
configure:23306: $? = 1
configure: failed program was:
| /* confdefs.h */
| #define PACKAGE_NAME "Zcoin Core"
| #define PACKAGE_TARNAME "zcoin"
| #define PACKAGE_VERSION "0.13.2"
| #define PACKAGE_STRING "Zcoin Core 0.13.2"
| #define PACKAGE_BUGREPORT "https://github.com/zcoinofficial/zcoin/issues"
| #define PACKAGE_URL "https://zcoin.io/"
| #define HAVE_CXX11 1
| #define STDC_HEADERS 1
| #define HAVE_SYS_TYPES_H 1
| #define HAVE_SYS_STAT_H 1
| #define HAVE_STDLIB_H 1
| #define HAVE_STRING_H 1
| #define HAVE_MEMORY_H 1
| #define HAVE_STRINGS_H 1
| #define HAVE_INTTYPES_H 1
| #define HAVE_STDINT_H 1
| #define HAVE_UNISTD_H 1
| #define HAVE_DLFCN_H 1
| #define LT_OBJDIR ".libs/"
| #define HAVE_PTHREAD_PRIO_INHERIT 1
| #define HAVE_PTHREAD 1
| #define HAVE_DECL_STRERROR_R 1
| #define HAVE_STRERROR_R 1
| #define STRERROR_R_CHAR_P 1
| #define HAVE_FUNC_ATTRIBUTE_VISIBILITY 1
| #define HAVE_ENDIAN_H 1
| #define HAVE_BYTESWAP_H 1
| #define HAVE_STDIO_H 1
| #define HAVE_STDLIB_H 1
| #define HAVE_UNISTD_H 1
| #define HAVE_STRINGS_H 1
| #define HAVE_SYS_TYPES_H 1
| #define HAVE_SYS_STAT_H 1
| #define HAVE_SYS_SELECT_H 1
| #define HAVE_SYS_PRCTL_H 1
| #define HAVE_DECL_STRNLEN 1
| #define HAVE_DECL_LE16TOH 1
| #define HAVE_DECL_LE32TOH 1
| #define HAVE_DECL_LE64TOH 1
| #define HAVE_DECL_HTOLE16 1
| #define HAVE_DECL_HTOLE32 1
| #define HAVE_DECL_HTOLE64 1
| #define HAVE_DECL_BE16TOH 1
| #define HAVE_DECL_BE32TOH 1
| #define HAVE_DECL_BE64TOH 1
| #define HAVE_DECL_HTOBE16 1
| #define HAVE_DECL_HTOBE32 1
| #define HAVE_DECL_HTOBE64 1
| #define HAVE_DECL_BSWAP_16 1
| #define HAVE_DECL_BSWAP_32 1
| #define HAVE_DECL_BSWAP_64 1
| #define HAVE_MSG_NOSIGNAL 1
| #define HAVE_VISIBILITY_ATTRIBUTE 1
| /* end confdefs.h.  */
| 
|       #include <libdb/db_cxx.h>
| 
| int
| main ()
| {
| 
|       #if !((DB_VERSION_MAJOR == 4 && DB_VERSION_MINOR >= 8) || DB_VERSION_MAJOR > 4)
|         #error "failed to find bdb 4.8+"
|       #endif
| 
|   ;
|   return 0;
| }
configure:23306: g++ -std=c++11 -c -g -O2 -g3 -O0 -Wall -Wextra -Wformat -Wformat-security -Wno-unused-parameter  -DDEBUG -DDEBUG_LOCKORDER -DHAVE_BUILD_INFO -D__STDC_FORMAT_MACROS conftest.cpp >&5
conftest.cpp:57:29: fatal error: db/db_cxx.h: No such file or directory
compilation terminated.
configure:23306: $? = 1
configure: failed program was:
| /* confdefs.h */
| #define PACKAGE_NAME "Zcoin Core"
| #define PACKAGE_TARNAME "zcoin"
| #define PACKAGE_VERSION "0.13.2"
| #define PACKAGE_STRING "Zcoin Core 0.13.2"
| #define PACKAGE_BUGREPORT "https://github.com/zcoinofficial/zcoin/issues"
| #define PACKAGE_URL "https://zcoin.io/"
| #define HAVE_CXX11 1
| #define STDC_HEADERS 1
| #define HAVE_SYS_TYPES_H 1
| #define HAVE_SYS_STAT_H 1
| #define HAVE_STDLIB_H 1
| #define HAVE_STRING_H 1
| #define HAVE_MEMORY_H 1
| #define HAVE_STRINGS_H 1
| #define HAVE_INTTYPES_H 1
| #define HAVE_STDINT_H 1
| #define HAVE_UNISTD_H 1
| #define HAVE_DLFCN_H 1
| #define LT_OBJDIR ".libs/"
| #define HAVE_PTHREAD_PRIO_INHERIT 1
| #define HAVE_PTHREAD 1
| #define HAVE_DECL_STRERROR_R 1
| #define HAVE_STRERROR_R 1
| #define STRERROR_R_CHAR_P 1
| #define HAVE_FUNC_ATTRIBUTE_VISIBILITY 1
| #define HAVE_ENDIAN_H 1
| #define HAVE_BYTESWAP_H 1
| #define HAVE_STDIO_H 1
| #define HAVE_STDLIB_H 1
| #define HAVE_UNISTD_H 1
| #define HAVE_STRINGS_H 1
| #define HAVE_SYS_TYPES_H 1
| #define HAVE_SYS_STAT_H 1
| #define HAVE_SYS_SELECT_H 1
| #define HAVE_SYS_PRCTL_H 1
| #define HAVE_DECL_STRNLEN 1
| #define HAVE_DECL_LE16TOH 1
| #define HAVE_DECL_LE32TOH 1
| #define HAVE_DECL_LE64TOH 1
| #define HAVE_DECL_HTOLE16 1
| #define HAVE_DECL_HTOLE32 1
| #define HAVE_DECL_HTOLE64 1
| #define HAVE_DECL_BE16TOH 1
| #define HAVE_DECL_BE32TOH 1
| #define HAVE_DECL_BE64TOH 1
| #define HAVE_DECL_HTOBE16 1
| #define HAVE_DECL_HTOBE32 1
| #define HAVE_DECL_HTOBE64 1
| #define HAVE_DECL_BSWAP_16 1
| #define HAVE_DECL_BSWAP_32 1
| #define HAVE_DECL_BSWAP_64 1
| #define HAVE_MSG_NOSIGNAL 1
| #define HAVE_VISIBILITY_ATTRIBUTE 1
| /* end confdefs.h.  */
| 
|       #include <db/db_cxx.h>
| 
| int
| main ()
| {
| 
|       #if !((DB_VERSION_MAJOR == 4 && DB_VERSION_MINOR >= 8) || DB_VERSION_MAJOR > 4)
|         #error "failed to find bdb 4.8+"
|       #endif
| 
|   ;
|   return 0;
| }
configure:23306: g++ -std=c++11 -c -g -O2 -g3 -O0 -Wall -Wextra -Wformat -Wformat-security -Wno-unused-parameter  -DDEBUG -DDEBUG_LOCKORDER -DHAVE_BUILD_INFO -D__STDC_FORMAT_MACROS conftest.cpp >&5
configure:23306: $? = 0
configure:23335: g++ -std=c++11 -c -g -O2 -g3 -O0 -Wall -Wextra -Wformat -Wformat-security -Wno-unused-parameter  -DDEBUG -DDEBUG_LOCKORDER -DHAVE_BUILD_INFO -D__STDC_FORMAT_MACROS conftest.cpp >&5
configure:23335: $? = 0
configure:23378: result: default
configure:23397: checking for main in -ldb_cxx-4.8
configure:23416: g++ -std=c++11 -o conftest -g -O2 -g3 -O0 -Wall -Wextra -Wformat -Wformat-security -Wno-unused-parameter  -DDEBUG -DDEBUG_LOCKORDER -DHAVE_BUILD_INFO -D__STDC_FORMAT_MACROS  conftest.cpp -ldb_cxx-4.8   >&5
configure:23416: $? = 0
configure:23426: result: yes
configure:23447: checking miniupnpc/miniwget.h usability
configure:23447: g++ -std=c++11 -c -g -O2 -g3 -O0 -Wall -Wextra -Wformat -Wformat-security -Wno-unused-parameter  -DDEBUG -DDEBUG_LOCKORDER -DHAVE_BUILD_INFO -D__STDC_FORMAT_MACROS conftest.cpp >&5
configure:23447: $? = 0
configure:23447: result: yes
configure:23447: checking miniupnpc/miniwget.h presence
configure:23447: g++ -std=c++11 -E  -DDEBUG -DDEBUG_LOCKORDER -DHAVE_BUILD_INFO -D__STDC_FORMAT_MACROS conftest.cpp
configure:23447: $? = 0
configure:23447: result: yes
configure:23447: checking for miniupnpc/miniwget.h
configure:23447: result: yes
configure:23452: checking for main in -lminiupnpc
configure:23471: g++ -std=c++11 -o conftest -g -O2 -g3 -O0 -Wall -Wextra -Wformat -Wformat-security -Wno-unused-parameter  -DDEBUG -DDEBUG_LOCKORDER -DHAVE_BUILD_INFO -D__STDC_FORMAT_MACROS  conftest.cpp -lminiupnpc   >&5
configure:23471: $? = 0
configure:23480: result: yes
configure:23447: checking miniupnpc/miniupnpc.h usability
configure:23447: g++ -std=c++11 -c -g -O2 -g3 -O0 -Wall -Wextra -Wformat -Wformat-security -Wno-unused-parameter  -DDEBUG -DDEBUG_LOCKORDER -DHAVE_BUILD_INFO -D__STDC_FORMAT_MACROS conftest.cpp >&5
configure:23447: $? = 0
configure:23447: result: yes
configure:23447: checking miniupnpc/miniupnpc.h presence
configure:23447: g++ -std=c++11 -E  -DDEBUG -DDEBUG_LOCKORDER -DHAVE_BUILD_INFO -D__STDC_FORMAT_MACROS conftest.cpp
configure:23447: $? = 0
configure:23447: result: yes
configure:23447: checking for miniupnpc/miniupnpc.h
configure:23447: result: yes
configure:23452: checking for main in -lminiupnpc
configure:23480: result: yes
configure:23447: checking miniupnpc/upnpcommands.h usability
configure:23447: g++ -std=c++11 -c -g -O2 -g3 -O0 -Wall -Wextra -Wformat -Wformat-security -Wno-unused-parameter  -DDEBUG -DDEBUG_LOCKORDER -DHAVE_BUILD_INFO -D__STDC_FORMAT_MACROS conftest.cpp >&5
configure:23447: $? = 0
configure:23447: result: yes
configure:23447: checking miniupnpc/upnpcommands.h presence
configure:23447: g++ -std=c++11 -E  -DDEBUG -DDEBUG_LOCKORDER -DHAVE_BUILD_INFO -D__STDC_FORMAT_MACROS conftest.cpp
configure:23447: $? = 0
configure:23447: result: yes
configure:23447: checking for miniupnpc/upnpcommands.h
configure:23447: result: yes
configure:23452: checking for main in -lminiupnpc
configure:23480: result: yes
configure:23447: checking miniupnpc/upnperrors.h usability
configure:23447: g++ -std=c++11 -c -g -O2 -g3 -O0 -Wall -Wextra -Wformat -Wformat-security -Wno-unused-parameter  -DDEBUG -DDEBUG_LOCKORDER -DHAVE_BUILD_INFO -D__STDC_FORMAT_MACROS conftest.cpp >&5
configure:23447: $? = 0
configure:23447: result: yes
configure:23447: checking miniupnpc/upnperrors.h presence
configure:23447: g++ -std=c++11 -E  -DDEBUG -DDEBUG_LOCKORDER -DHAVE_BUILD_INFO -D__STDC_FORMAT_MACROS conftest.cpp
configure:23447: $? = 0
configure:23447: result: yes
configure:23447: checking for miniupnpc/upnperrors.h
configure:23447: result: yes
configure:23452: checking for main in -lminiupnpc
configure:23480: result: yes
configure:23590: checking for QT
configure:23597: $PKG_CONFIG --exists --print-errors "$qt5_modules"
Package Qt5Core was not found in the pkg-config search path.
Perhaps you should add the directory containing `Qt5Core.pc'
to the PKG_CONFIG_PATH environment variable
No package 'Qt5Core' found
Package Qt5Gui was not found in the pkg-config search path.
Perhaps you should add the directory containing `Qt5Gui.pc'
to the PKG_CONFIG_PATH environment variable
No package 'Qt5Gui' found
Package Qt5Network was not found in the pkg-config search path.
Perhaps you should add the directory containing `Qt5Network.pc'
to the PKG_CONFIG_PATH environment variable
No package 'Qt5Network' found
Package Qt5Widgets was not found in the pkg-config search path.
Perhaps you should add the directory containing `Qt5Widgets.pc'
to the PKG_CONFIG_PATH environment variable
No package 'Qt5Widgets' found
configure:23600: $? = 1
configure:23614: $PKG_CONFIG --exists --print-errors "$qt5_modules"
Package Qt5Core was not found in the pkg-config search path.
Perhaps you should add the directory containing `Qt5Core.pc'
to the PKG_CONFIG_PATH environment variable
No package 'Qt5Core' found
Package Qt5Gui was not found in the pkg-config search path.
Perhaps you should add the directory containing `Qt5Gui.pc'
to the PKG_CONFIG_PATH environment variable
No package 'Qt5Gui' found
Package Qt5Network was not found in the pkg-config search path.
Perhaps you should add the directory containing `Qt5Network.pc'
to the PKG_CONFIG_PATH environment variable
No package 'Qt5Network' found
Package Qt5Widgets was not found in the pkg-config search path.
Perhaps you should add the directory containing `Qt5Widgets.pc'
to the PKG_CONFIG_PATH environment variable
No package 'Qt5Widgets' found
configure:23617: $? = 1
configure:23631: result: no
No package 'Qt5Core' found
No package 'Qt5Gui' found
No package 'Qt5Network' found
No package 'Qt5Widgets' found
configure:23737: checking for QT
configure:23744: $PKG_CONFIG --exists --print-errors "$qt4_modules"
configure:23747: $? = 0
configure:23761: $PKG_CONFIG --exists --print-errors "$qt4_modules"
configure:23764: $? = 0
configure:23802: result: yes
configure:23907: checking for QT_TEST
configure:23914: $PKG_CONFIG --exists --print-errors "${QT_LIB_PREFIX}Test"
configure:23917: $? = 0
configure:23931: $PKG_CONFIG --exists --print-errors "${QT_LIB_PREFIX}Test"
configure:23934: $? = 0
configure:23972: result: yes
configure:23979: checking for QT_DBUS
configure:23986: $PKG_CONFIG --exists --print-errors "${QT_LIB_PREFIX}DBus"
configure:23989: $? = 0
configure:24003: $PKG_CONFIG --exists --print-errors "${QT_LIB_PREFIX}DBus"
configure:24006: $? = 0
configure:24044: result: yes
configure:25870: checking whether -fPIC is needed with this Qt config
configure:25889: g++ -std=c++11 -c -g -O2 -g3 -O0 -Wall -Wextra -Wformat -Wformat-security -Wno-unused-parameter -DQT_SHARED -I/usr/include/qt4 -I/usr/include/qt4/QtGui -I/usr/include/qt4 -I/usr/include/qt4/QtNetwork -I/usr/include/qt4 -I/usr/include/qt4/QtCore  -DDEBUG -DDEBUG_LOCKORDER -DHAVE_BUILD_INFO -D__STDC_FORMAT_MACROS conftest.cpp >&5
configure:25889: $? = 0
configure:25890: result: no
configure:25963: checking for moc-qt4
configure:25981: found /usr/bin/moc-qt4
configure:25993: result: /usr/bin/moc-qt4
configure:26082: checking for uic-qt4
configure:26100: found /usr/bin/uic-qt4
configure:26112: result: /usr/bin/uic-qt4
configure:26201: checking for rcc-qt4
configure:26234: result: no
configure:26201: checking for rcc4
configure:26234: result: no
configure:26201: checking for rcc
configure:26219: found /usr/bin/rcc
configure:26231: result: /usr/bin/rcc
configure:26320: checking for lrelease-qt4
configure:26338: found /usr/bin/lrelease-qt4
configure:26350: result: /usr/bin/lrelease-qt4
configure:26439: checking for lupdate-qt4
configure:26457: found /usr/bin/lupdate-qt4
configure:26469: result: /usr/bin/lupdate-qt4
configure:26608: checking whether to build Zcoin Core GUI
configure:26638: result: yes (Qt4)
configure:26712: checking for boostlib >= 1.47.0
configure:26797: g++ -std=c++11 -c -g -O2 -g3 -O0 -Wall -Wextra -Wformat -Wformat-security -Wno-unused-parameter  -DDEBUG -DDEBUG_LOCKORDER -DHAVE_BUILD_INFO -D__STDC_FORMAT_MACROS -I/usr/include conftest.cpp >&5
configure:26797: $? = 0
configure:26799: result: yes
configure:26986: checking whether the Boost::System library is available
configure:27011: g++ -std=c++11 -c   -DDEBUG -DDEBUG_LOCKORDER -DHAVE_BUILD_INFO -D__STDC_FORMAT_MACROS -I/usr/include conftest.cpp >&5
configure:27011: $? = 0
configure:27026: result: yes
configure:27042: checking for exit in -lboost_system
configure:27067: g++ -std=c++11 -o conftest -g -O2 -g3 -O0 -Wall -Wextra -Wformat -Wformat-security -Wno-unused-parameter  -DDEBUG -DDEBUG_LOCKORDER -DHAVE_BUILD_INFO -D__STDC_FORMAT_MACROS -I/usr/include  -L/usr/lib/x86_64-linux-gnu conftest.cpp -lboost_system   >&5
configure:27067: $? = 0
configure:27077: result: yes
configure:27232: checking whether the Boost::Filesystem library is available
configure:27256: g++ -std=c++11 -c -g -O2 -g3 -O0 -Wall -Wextra -Wformat -Wformat-security -Wno-unused-parameter  -DDEBUG -DDEBUG_LOCKORDER -DHAVE_BUILD_INFO -D__STDC_FORMAT_MACROS -I/usr/include conftest.cpp >&5
configure:27256: $? = 0
configure:27270: result: yes
configure:27282: checking for exit in -lboost_filesystem
configure:27307: g++ -std=c++11 -o conftest -g -O2 -g3 -O0 -Wall -Wextra -Wformat -Wformat-security -Wno-unused-parameter  -DDEBUG -DDEBUG_LOCKORDER -DHAVE_BUILD_INFO -D__STDC_FORMAT_MACROS -I/usr/include  -L/usr/lib/x86_64-linux-gnu conftest.cpp -lboost_filesystem   -lboost_system >&5
configure:27307: $? = 0
configure:27317: result: yes
configure:27467: checking whether the Boost::Program_Options library is available
configure:27491: g++ -std=c++11 -c -g -O2 -g3 -O0 -Wall -Wextra -Wformat -Wformat-security -Wno-unused-parameter  -DDEBUG -DDEBUG_LOCKORDER -DHAVE_BUILD_INFO -D__STDC_FORMAT_MACROS -I/usr/include conftest.cpp >&5
configure:27491: $? = 0
configure:27505: result: yes
configure:27516: checking for exit in -lboost_program_options
configure:27541: g++ -std=c++11 -o conftest -g -O2 -g3 -O0 -Wall -Wextra -Wformat -Wformat-security -Wno-unused-parameter  -DDEBUG -DDEBUG_LOCKORDER -DHAVE_BUILD_INFO -D__STDC_FORMAT_MACROS -I/usr/include  -L/usr/lib/x86_64-linux-gnu conftest.cpp -lboost_program_options   >&5
configure:27541: $? = 0
configure:27551: result: yes
configure:27694: checking whether the Boost::Thread library is available
configure:27726: g++ -std=c++11 -c -pthread -g -O2 -g3 -O0 -Wall -Wextra -Wformat -Wformat-security -Wno-unused-parameter  -DDEBUG -DDEBUG_LOCKORDER -DHAVE_BUILD_INFO -D__STDC_FORMAT_MACROS -I/usr/include conftest.cpp >&5
configure:27726: $? = 0
configure:27741: result: yes
configure:27771: checking for exit in -lboost_thread
configure:27796: g++ -std=c++11 -o conftest -g -O2 -g3 -O0 -Wall -Wextra -Wformat -Wformat-security -Wno-unused-parameter  -DDEBUG -DDEBUG_LOCKORDER -DHAVE_BUILD_INFO -D__STDC_FORMAT_MACROS -I/usr/include  -L/usr/lib/x86_64-linux-gnu conftest.cpp -lboost_thread   >&5
configure:27796: $? = 0
configure:27806: result: yes
configure:27966: checking whether the Boost::Chrono library is available
configure:27990: g++ -std=c++11 -c -g -O2 -g3 -O0 -Wall -Wextra -Wformat -Wformat-security -Wno-unused-parameter  -DDEBUG -DDEBUG_LOCKORDER -DHAVE_BUILD_INFO -D__STDC_FORMAT_MACROS -pthread -I/usr/include conftest.cpp >&5
configure:27990: $? = 0
configure:28005: result: yes
configure:28021: checking for exit in -lboost_chrono
configure:28046: g++ -std=c++11 -o conftest -g -O2 -g3 -O0 -Wall -Wextra -Wformat -Wformat-security -Wno-unused-parameter  -DDEBUG -DDEBUG_LOCKORDER -DHAVE_BUILD_INFO -D__STDC_FORMAT_MACROS -pthread -I/usr/include  -L/usr/lib/x86_64-linux-gnu conftest.cpp -lboost_chrono   >&5
configure:28046: $? = 0
configure:28056: result: yes
configure:28297: checking whether the Boost::Unit_Test_Framework library is available
configure:28320: g++ -std=c++11 -c -g -O2 -g3 -O0 -Wall -Wextra -Wformat -Wformat-security -Wno-unused-parameter  -DDEBUG -DDEBUG_LOCKORDER -DHAVE_BUILD_INFO -D__STDC_FORMAT_MACROS -pthread -I/usr/include conftest.cpp >&5
conftest.cpp: In function 'int main()':
conftest.cpp:71:21: warning: unused variable 'test' [-Wunused-variable]
         test_suite* test= BOOST_TEST_SUITE( "Unit test example 1" ); return 0;
                     ^
configure:28320: $? = 0
configure:28334: result: yes
configure:28446: checking for dynamic linked boost test
configure:28461: g++ -std=c++11 -o conftest -g -O2 -g3 -O0 -Wall -Wextra -Wformat -Wformat-security -Wno-unused-parameter  -DDEBUG -DDEBUG_LOCKORDER -DHAVE_BUILD_INFO -D__STDC_FORMAT_MACROS -pthread -I/usr/include  conftest.cpp  -L/usr/lib/x86_64-linux-gnu -lboost_unit_test_framework >&5
configure:28461: $? = 0
configure:28462: result: yes
configure:28488: checking for mismatched boost c++11 scoped enums
configure:28516: g++ -std=c++11 -o conftest -g -O2 -g3 -O0 -Wall -Wextra -Wformat -Wformat-security -Wno-unused-parameter  -DDEBUG -DDEBUG_LOCKORDER -DHAVE_BUILD_INFO -D__STDC_FORMAT_MACROS -pthread -I/usr/include  conftest.cpp -L/usr/lib/x86_64-linux-gnu -lboost_system -lboost_filesystem -lboost_program_options -lboost_thread -lboost_chrono  >&5
conftest.cpp: In function 'int main()':
conftest.cpp:84:5: error: 'choke' was not declared in this scope
     choke;
     ^
configure:28516: $? = 1
configure: failed program was:
| /* confdefs.h */
| #define PACKAGE_NAME "Zcoin Core"
| #define PACKAGE_TARNAME "zcoin"
| #define PACKAGE_VERSION "0.13.2"
| #define PACKAGE_STRING "Zcoin Core 0.13.2"
| #define PACKAGE_BUGREPORT "https://github.com/zcoinofficial/zcoin/issues"
| #define PACKAGE_URL "https://zcoin.io/"
| #define HAVE_CXX11 1
| #define STDC_HEADERS 1
| #define HAVE_SYS_TYPES_H 1
| #define HAVE_SYS_STAT_H 1
| #define HAVE_STDLIB_H 1
| #define HAVE_STRING_H 1
| #define HAVE_MEMORY_H 1
| #define HAVE_STRINGS_H 1
| #define HAVE_INTTYPES_H 1
| #define HAVE_STDINT_H 1
| #define HAVE_UNISTD_H 1
| #define HAVE_DLFCN_H 1
| #define LT_OBJDIR ".libs/"
| #define HAVE_PTHREAD_PRIO_INHERIT 1
| #define HAVE_PTHREAD 1
| #define HAVE_DECL_STRERROR_R 1
| #define HAVE_STRERROR_R 1
| #define STRERROR_R_CHAR_P 1
| #define HAVE_FUNC_ATTRIBUTE_VISIBILITY 1
| #define HAVE_ENDIAN_H 1
| #define HAVE_BYTESWAP_H 1
| #define HAVE_STDIO_H 1
| #define HAVE_STDLIB_H 1
| #define HAVE_UNISTD_H 1
| #define HAVE_STRINGS_H 1
| #define HAVE_SYS_TYPES_H 1
| #define HAVE_SYS_STAT_H 1
| #define HAVE_SYS_SELECT_H 1
| #define HAVE_SYS_PRCTL_H 1
| #define HAVE_DECL_STRNLEN 1
| #define HAVE_DECL_LE16TOH 1
| #define HAVE_DECL_LE32TOH 1
| #define HAVE_DECL_LE64TOH 1
| #define HAVE_DECL_HTOLE16 1
| #define HAVE_DECL_HTOLE32 1
| #define HAVE_DECL_HTOLE64 1
| #define HAVE_DECL_BE16TOH 1
| #define HAVE_DECL_BE32TOH 1
| #define HAVE_DECL_BE64TOH 1
| #define HAVE_DECL_HTOBE16 1
| #define HAVE_DECL_HTOBE32 1
| #define HAVE_DECL_HTOBE64 1
| #define HAVE_DECL_BSWAP_16 1
| #define HAVE_DECL_BSWAP_32 1
| #define HAVE_DECL_BSWAP_64 1
| #define HAVE_MSG_NOSIGNAL 1
| #define HAVE_VISIBILITY_ATTRIBUTE 1
| #define HAVE_MINIUPNPC_MINIWGET_H 1
| #define HAVE_MINIUPNPC_MINIUPNPC_H 1
| #define HAVE_MINIUPNPC_UPNPCOMMANDS_H 1
| #define HAVE_MINIUPNPC_UPNPERRORS_H 1
| #define HAVE_BOOST /**/
| #define HAVE_BOOST_SYSTEM /**/
| #define HAVE_BOOST_FILESYSTEM /**/
| #define HAVE_BOOST_PROGRAM_OPTIONS /**/
| #define HAVE_BOOST_THREAD /**/
| #define HAVE_BOOST_CHRONO /**/
| #define HAVE_BOOST_UNIT_TEST_FRAMEWORK /**/
| /* end confdefs.h.  */
| 
|   #include "boost/config.hpp"
|   #include "boost/version.hpp"
|   #if !defined(BOOST_NO_SCOPED_ENUMS) && !defined(BOOST_NO_CXX11_SCOPED_ENUMS) && BOOST_VERSION < 105700
|   #define BOOST_NO_SCOPED_ENUMS
|   #define BOOST_NO_CXX11_SCOPED_ENUMS
|   #define CHECK
|   #endif
|   #include "boost/filesystem.hpp"
| 
| int
| main ()
| {
| 
|   #if defined(CHECK)
|     boost::filesystem::copy_file("foo", "bar");
|   #else
|     choke;
|   #endif
| 
|   ;
|   return 0;
| }
configure:28520: result: ok
configure:28552: g++ -std=c++11 -o conftest -g -O2 -g3 -O0 -Wall -Wextra -Wformat -Wformat-security -Wno-unused-parameter  -DDEBUG -DDEBUG_LOCKORDER -DHAVE_BUILD_INFO -D__STDC_FORMAT_MACROS -pthread -I/usr/include  conftest.cpp -L/usr/lib/x86_64-linux-gnu -lboost_system -lboost_filesystem -lboost_program_options -lboost_thread -lboost_chrono  >&5
configure:28552: $? = 0
configure:28614: checking for SSL
configure:28621: $PKG_CONFIG --exists --print-errors "libssl"
configure:28624: $? = 0
configure:28638: $PKG_CONFIG --exists --print-errors "libssl"
configure:28641: $? = 0
configure:28679: result: yes
configure:28685: checking for CRYPTO
configure:28692: $PKG_CONFIG --exists --print-errors "libcrypto"
configure:28695: $? = 0
configure:28709: $PKG_CONFIG --exists --print-errors "libcrypto"
configure:28712: $? = 0
configure:28750: result: yes
configure:28759: checking for PROTOBUF
configure:28766: $PKG_CONFIG --exists --print-errors "protobuf"
configure:28769: $? = 0
configure:28783: $PKG_CONFIG --exists --print-errors "protobuf"
configure:28786: $? = 0
configure:28846: result: yes
configure:28861: checking for QR
configure:28868: $PKG_CONFIG --exists --print-errors "libqrencode"
configure:28871: $? = 0
configure:28885: $PKG_CONFIG --exists --print-errors "libqrencode"
configure:28888: $? = 0
configure:28926: result: yes
configure:28939: checking for EVENT
configure:28946: $PKG_CONFIG --exists --print-errors "libevent"
configure:28949: $? = 0
configure:28963: $PKG_CONFIG --exists --print-errors "libevent"
configure:28966: $? = 0
configure:29004: result: yes
configure:29011: checking for EVENT_PTHREADS
configure:29018: $PKG_CONFIG --exists --print-errors "libevent_pthreads"
configure:29021: $? = 0
configure:29035: $PKG_CONFIG --exists --print-errors "libevent_pthreads"
configure:29038: $? = 0
configure:29076: result: yes
configure:29086: checking for ZMQ
configure:29093: $PKG_CONFIG --exists --print-errors "libzmq >= 4"
Package libzmq was not found in the pkg-config search path.
Perhaps you should add the directory containing `libzmq.pc'
to the PKG_CONFIG_PATH environment variable
No package 'libzmq' found
configure:29096: $? = 1
configure:29110: $PKG_CONFIG --exists --print-errors "libzmq >= 4"
Package libzmq was not found in the pkg-config search path.
Perhaps you should add the directory containing `libzmq.pc'
to the PKG_CONFIG_PATH environment variable
No package 'libzmq' found
configure:29113: $? = 1
configure:29127: result: no
No package 'libzmq' found
configure:29146: WARNING: libzmq version 4.x or greater not found, disabling
configure:29764: checking for protoc
configure:29782: found /usr/bin/protoc
configure:29794: result: /usr/bin/protoc
configure:29828: checking whether to build zcoind
configure:29838: result: yes
configure:29841: checking whether to build utils (zcoin-cli zcoin-tx)
configure:29851: result: yes
configure:29854: checking whether to build libraries
configure:29871: result: yes
configure:29882: checking if ccache should be used
configure:29895: result: no
configure:29936: checking if wallet should be enabled
configure:29939: result: yes
configure:29952: checking whether to build with support for UPnP
configure:29962: result: yes
configure:29964: checking whether to build with UPnP enabled by default
configure:29972: result: no
configure:29990: checking whether to build GUI with support for D-Bus
configure:29997: result: yes
configure:30000: checking whether to build GUI with support for QR codes
configure:30010: result: yes
configure:30027: checking whether to build test_zcoin-qt
configure:30030: result: yes
configure:30048: checking whether to build test_bitcoin
configure:30051: result: yes
configure:30060: checking whether to reduce exports
configure:30066: result: no
configure:30410: checking that generated files are newer than configure
configure:30416: result: done
configure:30532: creating ./config.status

## ---------------------- ##
## Running config.status. ##
## ---------------------- ##

This file was extended by Zcoin Core config.status 0.13.2, which was
generated by GNU Autoconf 2.69.  Invocation command line was

  CONFIG_FILES    = 
  CONFIG_HEADERS  = 
  CONFIG_LINKS    = 
  CONFIG_COMMANDS = 
  $ ./config.status 

on ubuntu

config.status:1390: creating libbitcoinconsensus.pc
config.status:1390: creating Makefile
config.status:1390: creating src/Makefile
config.status:1390: creating share/setup.nsi
config.status:1390: creating share/qt/Info.plist
config.status:1390: creating src/test/buildenv.py
config.status:1390: creating qa/pull-tester/run-bitcoind-for-test.sh
config.status:1390: creating qa/pull-tester/tests_config.py
config.status:1390: creating contrib/devtools/split-debug.sh
config.status:1390: creating src/config/bitcoin-config.h
config.status:1650: executing depfiles commands
config.status:1650: executing libtool commands
configure:33055: === configuring in src/univalue (/home/bushido/tttx/zcoin/src/univalue)
configure:33118: running /bin/bash ./configure --disable-option-checking '--prefix=/usr/local'  '--disable-hardening' '--enable-debug' '--disable-shared' '--with-pic' '--with-bignum=no' '--enable-module-recovery' '--enable-experimental' '--enable-module-ecdh' --cache-file=/dev/null --srcdir=.
configure:33055: === configuring in src/secp256k1 (/home/bushido/tttx/zcoin/src/secp256k1)
configure:33118: running /bin/bash ./configure --disable-option-checking '--prefix=/usr/local'  '--disable-hardening' '--enable-debug' '--disable-shared' '--with-pic' '--with-bignum=no' '--enable-module-recovery' '--enable-experimental' '--enable-module-ecdh' --cache-file=/dev/null --srcdir=.
configure:33137: result: Fixing libtool for -rpath problems.

## ---------------- ##
## Cache variables. ##
## ---------------- ##

ac_cv_build=x86_64-pc-linux-gnu
ac_cv_c_bigendian=no
ac_cv_c_compiler_gnu=yes
ac_cv_cxx_compiler_gnu=yes
ac_cv_env_CCC_set=
ac_cv_env_CCC_value=
ac_cv_env_CC_set=
ac_cv_env_CC_value=
ac_cv_env_CFLAGS_set=
ac_cv_env_CFLAGS_value=
ac_cv_env_CPPFLAGS_set=
ac_cv_env_CPPFLAGS_value=
ac_cv_env_CPP_set=
ac_cv_env_CPP_value=
ac_cv_env_CRYPTO_CFLAGS_set=
ac_cv_env_CRYPTO_CFLAGS_value=
ac_cv_env_CRYPTO_LIBS_set=
ac_cv_env_CRYPTO_LIBS_value=
ac_cv_env_CXXCPP_set=
ac_cv_env_CXXCPP_value=
ac_cv_env_CXXFLAGS_set=
ac_cv_env_CXXFLAGS_value=
ac_cv_env_CXX_set=
ac_cv_env_CXX_value=
ac_cv_env_EVENT_CFLAGS_set=
ac_cv_env_EVENT_CFLAGS_value=
ac_cv_env_EVENT_LIBS_set=
ac_cv_env_EVENT_LIBS_value=
ac_cv_env_EVENT_PTHREADS_CFLAGS_set=
ac_cv_env_EVENT_PTHREADS_CFLAGS_value=
ac_cv_env_EVENT_PTHREADS_LIBS_set=
ac_cv_env_EVENT_PTHREADS_LIBS_value=
ac_cv_env_LDFLAGS_set=
ac_cv_env_LDFLAGS_value=
ac_cv_env_LIBS_set=
ac_cv_env_LIBS_value=
ac_cv_env_LT_SYS_LIBRARY_PATH_set=
ac_cv_env_LT_SYS_LIBRARY_PATH_value=
ac_cv_env_OBJCXXFLAGS_set=
ac_cv_env_OBJCXXFLAGS_value=
ac_cv_env_OBJCXX_set=
ac_cv_env_OBJCXX_value=
ac_cv_env_PKG_CONFIG_LIBDIR_set=
ac_cv_env_PKG_CONFIG_LIBDIR_value=
ac_cv_env_PKG_CONFIG_PATH_set=
ac_cv_env_PKG_CONFIG_PATH_value=
ac_cv_env_PKG_CONFIG_set=
ac_cv_env_PKG_CONFIG_value=
ac_cv_env_PROTOBUF_CFLAGS_set=
ac_cv_env_PROTOBUF_CFLAGS_value=
ac_cv_env_PROTOBUF_LIBS_set=
ac_cv_env_PROTOBUF_LIBS_value=
ac_cv_env_PYTHONPATH_set=
ac_cv_env_PYTHONPATH_value=
ac_cv_env_QR_CFLAGS_set=
ac_cv_env_QR_CFLAGS_value=
ac_cv_env_QR_LIBS_set=
ac_cv_env_QR_LIBS_value=
ac_cv_env_QTPLATFORM_CFLAGS_set=
ac_cv_env_QTPLATFORM_CFLAGS_value=
ac_cv_env_QTPLATFORM_LIBS_set=
ac_cv_env_QTPLATFORM_LIBS_value=
ac_cv_env_QTPRINT_CFLAGS_set=
ac_cv_env_QTPRINT_CFLAGS_value=
ac_cv_env_QTPRINT_LIBS_set=
ac_cv_env_QTPRINT_LIBS_value=
ac_cv_env_QTXCBQPA_CFLAGS_set=
ac_cv_env_QTXCBQPA_CFLAGS_value=
ac_cv_env_QTXCBQPA_LIBS_set=
ac_cv_env_QTXCBQPA_LIBS_value=
ac_cv_env_QT_CFLAGS_set=
ac_cv_env_QT_CFLAGS_value=
ac_cv_env_QT_DBUS_CFLAGS_set=
ac_cv_env_QT_DBUS_CFLAGS_value=
ac_cv_env_QT_DBUS_LIBS_set=
ac_cv_env_QT_DBUS_LIBS_value=
ac_cv_env_QT_LIBS_set=
ac_cv_env_QT_LIBS_value=
ac_cv_env_QT_TEST_CFLAGS_set=
ac_cv_env_QT_TEST_CFLAGS_value=
ac_cv_env_QT_TEST_LIBS_set=
ac_cv_env_QT_TEST_LIBS_value=
ac_cv_env_SSL_CFLAGS_set=
ac_cv_env_SSL_CFLAGS_value=
ac_cv_env_SSL_LIBS_set=
ac_cv_env_SSL_LIBS_value=
ac_cv_env_UNIVALUE_CFLAGS_set=
ac_cv_env_UNIVALUE_CFLAGS_value=
ac_cv_env_UNIVALUE_LIBS_set=
ac_cv_env_UNIVALUE_LIBS_value=
ac_cv_env_X11XCB_CFLAGS_set=
ac_cv_env_X11XCB_CFLAGS_value=
ac_cv_env_X11XCB_LIBS_set=
ac_cv_env_X11XCB_LIBS_value=
ac_cv_env_ZMQ_CFLAGS_set=
ac_cv_env_ZMQ_CFLAGS_value=
ac_cv_env_ZMQ_LIBS_set=
ac_cv_env_ZMQ_LIBS_value=
ac_cv_env_build_alias_set=
ac_cv_env_build_alias_value=
ac_cv_env_host_alias_set=
ac_cv_env_host_alias_value=
ac_cv_env_target_alias_set=
ac_cv_env_target_alias_value=
ac_cv_func_strerror_r=yes
ac_cv_func_strerror_r_char_p=yes
ac_cv_have_decl_be16toh=yes
ac_cv_have_decl_be32toh=yes
ac_cv_have_decl_be64toh=yes
ac_cv_have_decl_bswap_16=yes
ac_cv_have_decl_bswap_32=yes
ac_cv_have_decl_bswap_64=yes
ac_cv_have_decl_htobe16=yes
ac_cv_have_decl_htobe32=yes
ac_cv_have_decl_htobe64=yes
ac_cv_have_decl_htole16=yes
ac_cv_have_decl_htole32=yes
ac_cv_have_decl_htole64=yes
ac_cv_have_decl_le16toh=yes
ac_cv_have_decl_le32toh=yes
ac_cv_have_decl_le64toh=yes
ac_cv_have_decl_strerror_r=yes
ac_cv_have_decl_strnlen=yes
ac_cv_header_byteswap_h=yes
ac_cv_header_dlfcn_h=yes
ac_cv_header_endian_h=yes
ac_cv_header_inttypes_h=yes
ac_cv_header_memory_h=yes
ac_cv_header_miniupnpc_miniupnpc_h=yes
ac_cv_header_miniupnpc_miniwget_h=yes
ac_cv_header_miniupnpc_upnpcommands_h=yes
ac_cv_header_miniupnpc_upnperrors_h=yes
ac_cv_header_stdc=yes
ac_cv_header_stdint_h=yes
ac_cv_header_stdio_h=yes
ac_cv_header_stdlib_h=yes
ac_cv_header_string_h=yes
ac_cv_header_strings_h=yes
ac_cv_header_sys_endian_h=no
ac_cv_header_sys_prctl_h=yes
ac_cv_header_sys_select_h=yes
ac_cv_header_sys_stat_h=yes
ac_cv_header_sys_types_h=yes
ac_cv_header_unistd_h=yes
ac_cv_host=x86_64-pc-linux-gnu
ac_cv_lib_boost_chrono___exit=yes
ac_cv_lib_boost_filesystem___exit=yes
ac_cv_lib_boost_program_options___exit=yes
ac_cv_lib_boost_system___exit=yes
ac_cv_lib_boost_thread___exit=yes
ac_cv_lib_db_cxx_4_8___main=yes
ac_cv_lib_miniupnpc_main=yes
ac_cv_objcxx_compiler_gnu=no
ac_cv_objext=o
ac_cv_path_EGREP='/bin/grep -E'
ac_cv_path_FGREP='/bin/grep -F'
ac_cv_path_GIT=/usr/bin/git
ac_cv_path_GREP=/bin/grep
ac_cv_path_HEXDUMP=/usr/bin/hexdump
ac_cv_path_JAVA=/usr/bin/java
ac_cv_path_LRELEASE=/usr/bin/lrelease-qt4
ac_cv_path_LUPDATE=/usr/bin/lupdate-qt4
ac_cv_path_MOC=/usr/bin/moc-qt4
ac_cv_path_PROTOC=/usr/bin/protoc
ac_cv_path_PYTHON=/usr/bin/python3.5
ac_cv_path_RCC=/usr/bin/rcc
ac_cv_path_SED=/bin/sed
ac_cv_path_UIC=/usr/bin/uic-qt4
ac_cv_path_XGETTEXT=/usr/bin/xgettext
ac_cv_path_ac_pt_AR=/usr/bin/ar
ac_cv_path_ac_pt_CPPFILT=/usr/bin/c++filt
ac_cv_path_ac_pt_GCOV=/usr/bin/gcov
ac_cv_path_ac_pt_OBJCOPY=/usr/bin/objcopy
ac_cv_path_ac_pt_PKG_CONFIG=/usr/bin/pkg-config
ac_cv_path_ac_pt_RANLIB=/usr/bin/ranlib
ac_cv_path_ac_pt_READELF=/usr/bin/readelf
ac_cv_path_ac_pt_STRIP=/usr/bin/strip
ac_cv_path_install='/usr/bin/install -c'
ac_cv_path_lt_DD=/bin/dd
ac_cv_path_mkdir=/bin/mkdir
ac_cv_prog_AWK=mawk
ac_cv_prog_CPP='gcc -E'
ac_cv_prog_CXXCPP='g++ -std=c++11 -E'
ac_cv_prog_ac_ct_AR=ar
ac_cv_prog_ac_ct_CC=gcc
ac_cv_prog_ac_ct_CXX=g++
ac_cv_prog_ac_ct_MANIFEST_TOOL=mt
ac_cv_prog_ac_ct_OBJDUMP=objdump
ac_cv_prog_ac_ct_RANLIB=ranlib
ac_cv_prog_ac_ct_STRIP=strip
ac_cv_prog_cc_c89=
ac_cv_prog_cc_g=yes
ac_cv_prog_cxx_g=yes
ac_cv_prog_make_make_set=yes
ac_cv_prog_objcxx_g=no
ac_cv_search_clock_gettime='none required'
ac_cv_sys_file_offset_bits=no
ac_cv_sys_largefile_CC=no
am_cv_CC_dependencies_compiler_type=gcc3
am_cv_CXX_dependencies_compiler_type=gcc3
am_cv_OBJCXX_dependencies_compiler_type=gcc3
am_cv_make_support_nested_variables=yes
am_cv_prog_cc_c_o=yes
ax_cv_PTHREAD_CLANG=no
ax_cv_PTHREAD_JOINABLE_ATTR=PTHREAD_CREATE_JOINABLE
ax_cv_PTHREAD_PRIO_INHERIT=yes
ax_cv_PTHREAD_SPECIAL_FLAGS=no
ax_cv_boost_chrono=yes
ax_cv_boost_filesystem=yes
ax_cv_boost_program_options=yes
ax_cv_boost_system=yes
ax_cv_boost_thread=yes
ax_cv_boost_unit_test_framework=yes
ax_cv_check_cxxflags__Wall=yes
ax_cv_check_cxxflags__Wdeprecated_register=no
ax_cv_check_cxxflags__Wextra=yes
ax_cv_check_cxxflags__Wformat=yes
ax_cv_check_cxxflags__Wformat_security=yes
ax_cv_check_cxxflags__Wself_assign=no
ax_cv_check_cxxflags__Wunused_local_typedef=no
ax_cv_check_cxxflags__Wunused_parameter=yes
ax_cv_check_cxxflags___Werror=yes
ax_cv_check_cxxflags___fPIC=yes
ax_cv_check_ldflags___Wl___large_address_aware=no
ax_cv_cxx_compile_cxx11=no
ax_cv_cxx_compile_cxx11__std_cpp11=yes
ax_cv_have_func_attribute_dllexport=no
ax_cv_have_func_attribute_dllimport=no
ax_cv_have_func_attribute_visibility=yes
lt_cv_ar_at_file=@
lt_cv_archive_cmds_need_lc=no
lt_cv_deplibs_check_method=pass_all
lt_cv_file_magic_cmd='$MAGIC_CMD'
lt_cv_file_magic_test_file=
lt_cv_ld_reload_flag=-r
lt_cv_nm_interface='BSD nm'
lt_cv_objdir=.libs
lt_cv_path_LD=/usr/bin/ld
lt_cv_path_LDCXX='/usr/bin/ld -m elf_x86_64'
lt_cv_path_NM='/usr/bin/nm -B'
lt_cv_path_mainfest_tool=no
lt_cv_prog_compiler_c_o=yes
lt_cv_prog_compiler_c_o_CXX=yes
lt_cv_prog_compiler_pic='-fPIC -DPIC'
lt_cv_prog_compiler_pic_CXX='-fPIC -DPIC'
lt_cv_prog_compiler_pic_works=yes
lt_cv_prog_compiler_pic_works_CXX=yes
lt_cv_prog_compiler_rtti_exceptions=no
lt_cv_prog_compiler_static_works=yes
lt_cv_prog_compiler_static_works_CXX=yes
lt_cv_prog_gnu_ld=yes
lt_cv_prog_gnu_ldcxx=yes
lt_cv_sharedlib_from_linklib_cmd='printf %s\n'
lt_cv_shlibpath_overrides_runpath=no
lt_cv_sys_global_symbol_pipe='sed -n -e '\''s/^.*[	 ]\([ABCDGIRSTW][ABCDGIRSTW]*\)[	 ][	 ]*\([_A-Za-z][_A-Za-z0-9]*\)$/\1 \2 \2/p'\'' | sed '\''/ __gnu_lto/d'\'''
lt_cv_sys_global_symbol_to_c_name_address='sed -n -e '\''s/^: \(.*\) .*$/  {"\1", (void *) 0},/p'\'' -e '\''s/^[ABCDGIRSTW][ABCDGIRSTW]* .* \(.*\)$/  {"\1", (void *) \&\1},/p'\'''
lt_cv_sys_global_symbol_to_c_name_address_lib_prefix='sed -n -e '\''s/^: \(.*\) .*$/  {"\1", (void *) 0},/p'\'' -e '\''s/^[ABCDGIRSTW][ABCDGIRSTW]* .* \(lib.*\)$/  {"\1", (void *) \&\1},/p'\'' -e '\''s/^[ABCDGIRSTW][ABCDGIRSTW]* .* \(.*\)$/  {"lib\1", (void *) \&\1},/p'\'''
lt_cv_sys_global_symbol_to_cdecl='sed -n -e '\''s/^T .* \(.*\)$/extern int \1();/p'\'' -e '\''s/^[ABCDGIRSTW][ABCDGIRSTW]* .* \(.*\)$/extern char \1;/p'\'''
lt_cv_sys_global_symbol_to_import=
lt_cv_sys_max_cmd_len=1572864
lt_cv_to_host_file_cmd=func_convert_file_noop
lt_cv_to_tool_file_cmd=func_convert_file_noop
lt_cv_truncate_bin='/bin/dd bs=4096 count=1'
pkg_cv_CRYPTO_CFLAGS=
pkg_cv_CRYPTO_LIBS=-lcrypto
pkg_cv_EVENT_CFLAGS=
pkg_cv_EVENT_LIBS=-levent
pkg_cv_EVENT_PTHREADS_CFLAGS=-pthread
pkg_cv_EVENT_PTHREADS_LIBS='-levent_pthreads -levent'
pkg_cv_PROTOBUF_CFLAGS=-pthread
pkg_cv_PROTOBUF_LIBS='-lprotobuf -pthread -lpthread'
pkg_cv_QR_CFLAGS=
pkg_cv_QR_LIBS=-lqrencode
pkg_cv_QT_CFLAGS='-DQT_SHARED -I/usr/include/qt4 -I/usr/include/qt4/QtGui -I/usr/include/qt4 -I/usr/include/qt4/QtNetwork -I/usr/include/qt4 -I/usr/include/qt4/QtCore'
pkg_cv_QT_DBUS_CFLAGS='-DQT_SHARED -I/usr/include/qt4 -I/usr/include/qt4/QtDBus -I/usr/include/qt4 -I/usr/include/qt4/QtXml -I/usr/include/qt4 -I/usr/include/qt4/QtCore'
pkg_cv_QT_DBUS_LIBS='-lQtDBus -lQtXml -lQtCore'
pkg_cv_QT_LIBS='-lQtGui -lQtNetwork -lQtCore'
pkg_cv_QT_TEST_CFLAGS='-DQT_SHARED -I/usr/include/qt4 -I/usr/include/qt4/QtTest'
pkg_cv_QT_TEST_LIBS=-lQtTest
pkg_cv_SSL_CFLAGS=
pkg_cv_SSL_LIBS=-lssl

## ----------------- ##
## Output variables. ##
## ----------------- ##

ACLOCAL='${SHELL} /home/bushido/tttx/zcoin/build-aux/missing aclocal-1.15'
AMDEPBACKSLASH='\'
AMDEP_FALSE='#'
AMDEP_TRUE=''
AMTAR='$${TAR-tar}'
AM_BACKSLASH='\'
AM_DEFAULT_V='$(AM_DEFAULT_VERBOSITY)'
AM_DEFAULT_VERBOSITY='0'
AM_V='$(V)'
AR='/usr/bin/ar'
AUTOCONF='${SHELL} /home/bushido/tttx/zcoin/build-aux/missing autoconf'
AUTOHEADER='${SHELL} /home/bushido/tttx/zcoin/build-aux/missing autoheader'
AUTOMAKE='${SHELL} /home/bushido/tttx/zcoin/build-aux/missing automake-1.15'
AWK='mawk'
BDB_CPPFLAGS=''
BDB_LIBS='-ldb_cxx-4.8'
BITCOIN_CLI_NAME='zcoin-cli'
BITCOIN_DAEMON_NAME='zcoind'
BITCOIN_GUI_NAME='zcoin-qt'
BITCOIN_TX_NAME='zcoin-tx'
BOOST_CHRONO_LIB='-lboost_chrono'
BOOST_CPPFLAGS='-pthread -I/usr/include'
BOOST_FILESYSTEM_LIB='-lboost_filesystem'
BOOST_LDFLAGS='-L/usr/lib/x86_64-linux-gnu'
BOOST_LIBS='-L/usr/lib/x86_64-linux-gnu -lboost_system -lboost_filesystem -lboost_program_options -lboost_thread -lboost_chrono'
BOOST_PROGRAM_OPTIONS_LIB='-lboost_program_options'
BOOST_SYSTEM_LIB='-lboost_system'
BOOST_THREAD_LIB='-lboost_thread'
BOOST_UNIT_TEST_FRAMEWORK_LIB='-lboost_unit_test_framework'
BREW=''
BUILD_BITCOIND_FALSE='#'
BUILD_BITCOIND_TRUE=''
BUILD_BITCOIN_LIBS_FALSE='#'
BUILD_BITCOIN_LIBS_TRUE=''
BUILD_BITCOIN_UTILS_FALSE='#'
BUILD_BITCOIN_UTILS_TRUE=''
BUILD_DARWIN_FALSE=''
BUILD_DARWIN_TRUE='#'
CC='gcc'
CCACHE=''
CCDEPMODE='depmode=gcc3'
CFLAGS='-g -O2 -g3 -O0'
CLIENT_VERSION_BUILD='10'
CLIENT_VERSION_IS_RELEASE='true'
CLIENT_VERSION_MAJOR='0'
CLIENT_VERSION_MINOR='13'
CLIENT_VERSION_REVISION='2'
COMPARISON_TOOL_REORG_TESTS='0'
COPYRIGHT_HOLDERS='The %s developers'
COPYRIGHT_HOLDERS_FINAL='The Zcoin Core developers'
COPYRIGHT_HOLDERS_SUBSTITUTION='Zcoin Core'
COPYRIGHT_YEAR='2017'
CPP='gcc -E'
CPPFILT='/usr/bin/c++filt'
CPPFLAGS=' -DDEBUG -DDEBUG_LOCKORDER -DHAVE_BUILD_INFO -D__STDC_FORMAT_MACROS'
CRYPTO_CFLAGS=''
CRYPTO_LIBS='-lcrypto'
CXX='g++ -std=c++11'
CXXCPP='g++ -std=c++11 -E'
CXXDEPMODE='depmode=gcc3'
CXXFLAGS='-g -O2 -g3 -O0 -Wall -Wextra -Wformat -Wformat-security -Wno-unused-parameter'
CYGPATH_W='echo'
DEFS='-DHAVE_CONFIG_H'
DEPDIR='.deps'
DLLTOOL='false'
DSYMUTIL=''
DUMPBIN=''
ECHO_C=''
ECHO_N='-n'
ECHO_T=''
EGREP='/bin/grep -E'
EMBEDDED_LEVELDB_FALSE='#'
EMBEDDED_LEVELDB_TRUE=''
EMBEDDED_UNIVALUE_FALSE='#'
EMBEDDED_UNIVALUE_TRUE=''
ENABLE_BENCH_FALSE='#'
ENABLE_BENCH_TRUE=''
ENABLE_QT_FALSE='#'
ENABLE_QT_TESTS_FALSE='#'
ENABLE_QT_TESTS_TRUE=''
ENABLE_QT_TRUE=''
ENABLE_TESTS_FALSE='#'
ENABLE_TESTS_TRUE=''
ENABLE_WALLET_FALSE='#'
ENABLE_WALLET_TRUE=''
ENABLE_ZMQ_FALSE=''
ENABLE_ZMQ_TRUE='#'
EVENT_CFLAGS=''
EVENT_LIBS='-levent'
EVENT_PTHREADS_CFLAGS='-pthread'
EVENT_PTHREADS_LIBS='-levent_pthreads -levent'
EXEEXT=''
EXTENDED_RPC_TESTS=''
FGREP='/bin/grep -F'
GCOV='/usr/bin/gcov'
GENHTML=''
GENISOIMAGE=''
GIT='/usr/bin/git'
GLIBC_BACK_COMPAT_FALSE=''
GLIBC_BACK_COMPAT_TRUE='#'
GREP='/bin/grep'
HARDENED_CPPFLAGS=''
HARDENED_CXXFLAGS=''
HARDENED_LDFLAGS=''
HARDEN_FALSE=''
HARDEN_TRUE='#'
HAVE_CXX11='1'
HEXDUMP='/usr/bin/hexdump'
IMAGEMAGICK_CONVERT=''
INSTALLNAMETOOL=''
INSTALL_DATA='${INSTALL} -m 644'
INSTALL_PROGRAM='${INSTALL}'
INSTALL_SCRIPT='${INSTALL}'
INSTALL_STRIP_PROGRAM='$(install_sh) -c -s'
JAVA='/usr/bin/java'
JAVA_COMPARISON_TOOL=''
LCOV=''
LD='/usr/bin/ld -m elf_x86_64'
LDFLAGS=''
LEVELDB_CPPFLAGS=''
LEVELDB_TARGET_FLAGS='-DOS_LINUX'
LIBLEVELDB=''
LIBMEMENV=''
LIBOBJS=''
LIBS=''
LIBTOOL='$(SHELL) $(top_builddir)/libtool'
LIBTOOL_APP_LDFLAGS=''
LIPO=''
LN_S='ln -s'
LRELEASE='/usr/bin/lrelease-qt4'
LTLIBOBJS=''
LT_SYS_LIBRARY_PATH=''
LUPDATE='/usr/bin/lupdate-qt4'
MAINT=''
MAINTAINER_MODE_FALSE='#'
MAINTAINER_MODE_TRUE=''
MAKEINFO='${SHELL} /home/bushido/tttx/zcoin/build-aux/missing makeinfo'
MAKENSIS=''
MANIFEST_TOOL=':'
MINIUPNPC_CPPFLAGS=''
MINIUPNPC_LIBS='-lminiupnpc'
MKDIR_P='/bin/mkdir -p'
MOC='/usr/bin/moc-qt4'
MOC_DEFS='-DHAVE_CONFIG_H -I$(srcdir)'
NM='/usr/bin/nm -B'
NMEDIT=''
OBJCOPY='/usr/bin/objcopy'
OBJCXX='g++ -std=c++11'
OBJCXXDEPMODE='depmode=gcc3'
OBJCXXFLAGS=''
OBJDUMP='objdump'
OBJEXT='o'
OTOOL64=''
OTOOL=''
PACKAGE='zcoin'
PACKAGE_BUGREPORT='https://github.com/zcoinofficial/zcoin/issues'
PACKAGE_NAME='Zcoin Core'
PACKAGE_STRING='Zcoin Core 0.13.2'
PACKAGE_TARNAME='zcoin'
PACKAGE_URL='https://zcoin.io/'
PACKAGE_VERSION='0.13.2'
PATH_SEPARATOR=':'
PIC_FLAGS='-fPIC'
PIE_FLAGS=''
PKG_CONFIG='/usr/bin/pkg-config'
PKG_CONFIG_LIBDIR=''
PKG_CONFIG_PATH=''
PORT=''
PROTOBUF_CFLAGS='-pthread'
PROTOBUF_LIBS='-lprotobuf -pthread -lpthread'
PROTOC='/usr/bin/protoc'
PTHREAD_CC='gcc'
PTHREAD_CFLAGS='-pthread'
PTHREAD_LIBS=''
PYTHON='/usr/bin/python3.5'
PYTHONPATH=''
QR_CFLAGS=''
QR_LIBS='-lqrencode'
QTPLATFORM_CFLAGS=''
QTPLATFORM_LIBS=''
QTPRINT_CFLAGS=''
QTPRINT_LIBS=''
QTXCBQPA_CFLAGS=''
QTXCBQPA_LIBS=''
QT_CFLAGS='-DQT_SHARED -I/usr/include/qt4 -I/usr/include/qt4/QtGui -I/usr/include/qt4 -I/usr/include/qt4/QtNetwork -I/usr/include/qt4 -I/usr/include/qt4/QtCore'
QT_DBUS_CFLAGS='-DQT_SHARED -I/usr/include/qt4 -I/usr/include/qt4/QtDBus -I/usr/include/qt4 -I/usr/include/qt4/QtXml -I/usr/include/qt4 -I/usr/include/qt4/QtCore'
QT_DBUS_INCLUDES='-DQT_SHARED -I/usr/include/qt4 -I/usr/include/qt4/QtDBus -I/usr/include/qt4 -I/usr/include/qt4/QtXml -I/usr/include/qt4 -I/usr/include/qt4/QtCore'
QT_DBUS_LIBS='-lQtDBus -lQtXml -lQtCore'
QT_INCLUDES='-DQT_SHARED -I/usr/include/qt4 -I/usr/include/qt4/QtGui -I/usr/include/qt4 -I/usr/include/qt4/QtNetwork -I/usr/include/qt4 -I/usr/include/qt4/QtCore'
QT_LDFLAGS=''
QT_LIBS='-lQtGui -lQtNetwork -lQtCore'
QT_PIE_FLAGS=''
QT_SELECT='qt4'
QT_TEST_CFLAGS='-DQT_SHARED -I/usr/include/qt4 -I/usr/include/qt4/QtTest'
QT_TEST_INCLUDES='-DQT_SHARED -I/usr/include/qt4 -I/usr/include/qt4/QtTest'
QT_TEST_LIBS='-lQtTest'
QT_TRANSLATION_DIR=''
RANLIB='/usr/bin/ranlib'
RCC='/usr/bin/rcc'
READELF='/usr/bin/readelf'
RELDFLAGS=''
RSVG_CONVERT=''
SED='/bin/sed'
SET_MAKE=''
SHELL='/bin/bash'
SSL_CFLAGS=''
SSL_LIBS='-lssl'
STRIP='/usr/bin/strip'
TARGET_DARWIN_FALSE=''
TARGET_DARWIN_TRUE='#'
TARGET_WINDOWS_FALSE=''
TARGET_WINDOWS_TRUE='#'
TESTDEFS=' -DBOOST_TEST_DYN_LINK'
TIFFCP=''
UIC='/usr/bin/uic-qt4'
UNIVALUE_CFLAGS='-I$(srcdir)/univalue/include'
UNIVALUE_LIBS='univalue/libunivalue.la'
USE_COMPARISON_TOOL_FALSE=''
USE_COMPARISON_TOOL_REORG_TESTS_FALSE='#'
USE_COMPARISON_TOOL_REORG_TESTS_TRUE=''
USE_COMPARISON_TOOL_TRUE='#'
USE_LCOV_FALSE=''
USE_LCOV_TRUE='#'
USE_QRCODE=''
USE_QRCODE_FALSE='#'
USE_QRCODE_TRUE=''
USE_UPNP=''
VERSION='0.13.2'
WINDOWS_BITS=''
WINDRES=''
X11XCB_CFLAGS=''
X11XCB_LIBS=''
XGETTEXT='/usr/bin/xgettext'
ZMQ_CFLAGS=''
ZMQ_LIBS=''
ac_ct_AR='ar'
ac_ct_CC='gcc'
ac_ct_CXX='g++'
ac_ct_DUMPBIN=''
ac_ct_OBJCXX=''
am__EXEEXT_FALSE=''
am__EXEEXT_TRUE='#'
am__fastdepCC_FALSE='#'
am__fastdepCC_TRUE=''
am__fastdepCXX_FALSE='#'
am__fastdepCXX_TRUE=''
am__fastdepOBJCXX_FALSE='#'
am__fastdepOBJCXX_TRUE=''
am__include='include'
am__isrc=''
am__leading_dot='.'
am__nodep='_no'
am__quote=''
am__tar='$${TAR-tar} chof - "$$tardir"'
am__untar='$${TAR-tar} xf -'
ax_pthread_config=''
bindir='${exec_prefix}/bin'
build='x86_64-pc-linux-gnu'
build_alias=''
build_cpu='x86_64'
build_os='linux-gnu'
build_vendor='pc'
datadir='${datarootdir}'
datarootdir='${prefix}/share'
docdir='${datarootdir}/doc/${PACKAGE_TARNAME}'
dvidir='${docdir}'
exec_prefix='${prefix}'
host='x86_64-pc-linux-gnu'
host_alias=''
host_cpu='x86_64'
host_os='linux-gnu'
host_vendor='pc'
htmldir='${docdir}'
includedir='${prefix}/include'
infodir='${datarootdir}/info'
install_sh='${SHELL} /home/bushido/tttx/zcoin/build-aux/install-sh'
libdir='${exec_prefix}/lib'
libexecdir='${exec_prefix}/libexec'
localedir='${datarootdir}/locale'
localstatedir='${prefix}/var'
mandir='${datarootdir}/man'
mkdir_p='$(MKDIR_P)'
oldincludedir='/usr/include'
pdfdir='${docdir}'
prefix='/usr/local'
program_transform_name='s,x,x,'
psdir='${docdir}'
runstatedir='${localstatedir}/run'
sbindir='${exec_prefix}/sbin'
sharedstatedir='${prefix}/com'
subdirs=' src/univalue src/secp256k1'
sysconfdir='${prefix}/etc'
target_alias=''

## ----------- ##
## confdefs.h. ##
## ----------- ##

/* confdefs.h */
#define PACKAGE_NAME "Zcoin Core"
#define PACKAGE_TARNAME "zcoin"
#define PACKAGE_VERSION "0.13.2"
#define PACKAGE_STRING "Zcoin Core 0.13.2"
#define PACKAGE_BUGREPORT "https://github.com/zcoinofficial/zcoin/issues"
#define PACKAGE_URL "https://zcoin.io/"
#define HAVE_CXX11 1
#define STDC_HEADERS 1
#define HAVE_SYS_TYPES_H 1
#define HAVE_SYS_STAT_H 1
#define HAVE_STDLIB_H 1
#define HAVE_STRING_H 1
#define HAVE_MEMORY_H 1
#define HAVE_STRINGS_H 1
#define HAVE_INTTYPES_H 1
#define HAVE_STDINT_H 1
#define HAVE_UNISTD_H 1
#define HAVE_DLFCN_H 1
#define LT_OBJDIR ".libs/"
#define HAVE_PTHREAD_PRIO_INHERIT 1
#define HAVE_PTHREAD 1
#define HAVE_DECL_STRERROR_R 1
#define HAVE_STRERROR_R 1
#define STRERROR_R_CHAR_P 1
#define HAVE_FUNC_ATTRIBUTE_VISIBILITY 1
#define HAVE_ENDIAN_H 1
#define HAVE_BYTESWAP_H 1
#define HAVE_STDIO_H 1
#define HAVE_STDLIB_H 1
#define HAVE_UNISTD_H 1
#define HAVE_STRINGS_H 1
#define HAVE_SYS_TYPES_H 1
#define HAVE_SYS_STAT_H 1
#define HAVE_SYS_SELECT_H 1
#define HAVE_SYS_PRCTL_H 1
#define HAVE_DECL_STRNLEN 1
#define HAVE_DECL_LE16TOH 1
#define HAVE_DECL_LE32TOH 1
#define HAVE_DECL_LE64TOH 1
#define HAVE_DECL_HTOLE16 1
#define HAVE_DECL_HTOLE32 1
#define HAVE_DECL_HTOLE64 1
#define HAVE_DECL_BE16TOH 1
#define HAVE_DECL_BE32TOH 1
#define HAVE_DECL_BE64TOH 1
#define HAVE_DECL_HTOBE16 1
#define HAVE_DECL_HTOBE32 1
#define HAVE_DECL_HTOBE64 1
#define HAVE_DECL_BSWAP_16 1
#define HAVE_DECL_BSWAP_32 1
#define HAVE_DECL_BSWAP_64 1
#define HAVE_MSG_NOSIGNAL 1
#define HAVE_VISIBILITY_ATTRIBUTE 1
#define HAVE_MINIUPNPC_MINIWGET_H 1
#define HAVE_MINIUPNPC_MINIUPNPC_H 1
#define HAVE_MINIUPNPC_UPNPCOMMANDS_H 1
#define HAVE_MINIUPNPC_UPNPERRORS_H 1
#define HAVE_BOOST /**/
#define HAVE_BOOST_SYSTEM /**/
#define HAVE_BOOST_FILESYSTEM /**/
#define HAVE_BOOST_PROGRAM_OPTIONS /**/
#define HAVE_BOOST_THREAD /**/
#define HAVE_BOOST_CHRONO /**/
#define HAVE_BOOST_UNIT_TEST_FRAMEWORK /**/
#define HAVE_WORKING_BOOST_SLEEP_FOR 1
#define ENABLE_ZMQ 0
#define HAVE_CONSENSUS_LIB 1
#define ENABLE_WALLET 1
#define USE_UPNP 0
#define USE_DBUS 1
#define USE_QRCODE 1
#define CLIENT_VERSION_MAJOR 0
#define CLIENT_VERSION_MINOR 13
#define CLIENT_VERSION_REVISION 2
#define CLIENT_VERSION_BUILD 10
#define CLIENT_VERSION_IS_RELEASE true
#define COPYRIGHT_YEAR 2017
#define COPYRIGHT_HOLDERS "The %s developers"
#define COPYRIGHT_HOLDERS_SUBSTITUTION "Zcoin Core"
#define COPYRIGHT_HOLDERS_FINAL "The Zcoin Core developers"

configure: exit 0
