<?xml version="1.0" ?>
<!DOCTYPE coverage SYSTEM 'http://cobertura.sourceforge.net/xml/coverage-04.dtd'>
<coverage line-rate="0.789" lines-covered="153" lines-valid="194" branch-rate="1.0" branches-covered="1.0" branches-rate="1.0" complexity="1.0" version="1.9" timestamp="1693295046">
	<sources>
		<source>/root/fuzzing_firo/firo/src/</source>
	</sources>
	<packages>
		<package name="bech32_debug" line-rate="0.789" lines-covered="153" lines-valid="194" branch-rate="1.0" complexity="1.0">
			<classes>
				<class name="bech32_cpp" filename="libspark/bech32.cpp" branch-rate="1.0" complexity="1.0" line-rate="0.881">
					<lines>
						<line number="58" hits="2"/>
						<line number="59" hits="1"/>
						<line number="60" hits="1"/>
						<line number="64" hits="2"/>
						<line number="65" hits="1"/>
						<line number="66" hits="1"/>
						<line number="73" hits="2"/>
						<line number="99" hits="1"/>
						<line number="100" hits="2"/>
						<line number="116" hits="1"/>
						<line number="119" hits="1"/>
						<line number="122" hits="1"/>
						<line number="123" hits="1"/>
						<line number="124" hits="1"/>
						<line number="125" hits="1"/>
						<line number="126" hits="1"/>
						<line number="128" hits="1"/>
						<line number="132" hits="2"/>
						<line number="133" hits="1"/>
						<line number="137" hits="2"/>
						<line number="138" hits="1"/>
						<line number="139" hits="1"/>
						<line number="140" hits="2"/>
						<line number="141" hits="1"/>
						<line number="142" hits="1"/>
						<line number="143" hits="1"/>
						<line number="145" hits="1"/>
						<line number="146" hits="1"/>
						<line number="147" hits="1"/>
						<line number="150" hits="2"/>
						<line number="155" hits="1"/>
						<line number="156" hits="1"/>
						<line number="157" hits="1"/>
						<line number="158" hits="0"/>
						<line number="159" hits="1"/>
						<line number="161" hits="2"/>
						<line number="162" hits="1"/>
						<line number="163" hits="1"/>
						<line number="164" hits="1"/>
						<line number="165" hits="1"/>
						<line number="166" hits="1"/>
						<line number="167" hits="2"/>
						<line number="169" hits="1"/>
						<line number="171" hits="1"/>
						<line number="172" hits="1"/>
						<line number="177" hits="2"/>
						<line number="181" hits="1"/>
						<line number="182" hits="1"/>
						<line number="183" hits="1"/>
						<line number="184" hits="1"/>
						<line number="185" hits="1"/>
						<line number="186" hits="2"/>
						<line number="187" hits="1"/>
						<line number="189" hits="1"/>
						<line number="190" hits="1"/>
						<line number="193" hits="2"/>
						<line number="194" hits="1"/>
						<line number="195" hits="2"/>
						<line number="196" hits="1"/>
						<line number="197" hits="1"/>
						<line number="198" hits="1"/>
						<line number="199" hits="1"/>
						<line number="200" hits="1"/>
						<line number="201" hits="1"/>
						<line number="202" hits="1"/>
						<line number="203" hits="1"/>
						<line number="204" hits="1"/>
						<line number="206" hits="1"/>
						<line number="207" hits="2"/>
						<line number="208" hits="1"/>
						<line number="209" hits="1"/>
						<line number="211" hits="1"/>
						<line number="212" hits="0"/>
						<line number="214" hits="1"/>
						<line number="216" hits="1"/>
						<line number="217" hits="2"/>
						<line number="218" hits="1"/>
						<line number="219" hits="1"/>
						<line number="220" hits="1"/>
						<line number="221" hits="1"/>
						<line number="222" hits="1"/>
						<line number="223" hits="1"/>
						<line number="226" hits="2"/>
						<line number="227" hits="1"/>
						<line number="228" hits="1"/>
						<line number="229" hits="1"/>
						<line number="230" hits="1"/>
						<line number="231" hits="1"/>
						<line number="232" hits="0"/>
						<line number="233" hits="0"/>
						<line number="234" hits="0"/>
						<line number="235" hits="0"/>
						<line number="236" hits="0"/>
						<line number="237" hits="0"/>
						<line number="239" hits="0"/>
						<line number="240" hits="1"/>
						<line number="241" hits="0"/>
						<line number="242" hits="0"/>
						<line number="243" hits="1"/>
						<line number="245" hits="0"/>
						<line number="246" hits="1"/>
					</lines>
				</class>
				<class name="bech32_h" filename="libspark/bech32.h" branch-rate="1.0" complexity="1.0" line-rate="1.000">
					<lines>
						<line number="46" hits="2"/>
						<line number="52" hits="2"/>
						<line number="53" hits="2"/>
					</lines>
				</class>
				<class name="FuzzedDataProvider_h" filename="fuzz/FuzzedDataProvider.h" branch-rate="1.0" complexity="1.0" line-rate="0.720">
					<lines>
						<line number="36" hits="2"/>
						<line number="108" hits="2"/>
						<line number="109" hits="1"/>
						<line number="110" hits="1"/>
						<line number="136" hits="2"/>
						<line number="140" hits="1"/>
						<line number="141" hits="2"/>
						<line number="142" hits="1"/>
						<line number="143" hits="1"/>
						<line number="144" hits="1"/>
						<line number="145" hits="1"/>
						<line number="194" hits="4"/>
						<line number="195" hits="4"/>
						<line number="196" hits="2"/>
						<line number="204" hits="4"/>
						<line number="208" hits="2"/>
						<line number="209" hits="0"/>
						<line number="212" hits="2"/>
						<line number="213" hits="2"/>
						<line number="214" hits="2"/>
						<line number="216" hits="4"/>
						<line number="217" hits="2"/>
						<line number="224" hits="0"/>
						<line number="225" hits="0"/>
						<line number="226" hits="0"/>
						<line number="230" hits="2"/>
						<line number="231" hits="2"/>
						<line number="233" hits="2"/>
						<line number="288" hits="2"/>
						<line number="289" hits="1"/>
						<line number="338" hits="0"/>
						<line number="339" hits="0"/>
						<line number="340" hits="0"/>
						<line number="341" hits="0"/>
						<line number="343" hits="2"/>
						<line number="344" hits="1"/>
						<line number="345" hits="0"/>
						<line number="347" hits="1"/>
						<line number="348" hits="1"/>
						<line number="349" hits="1"/>
						<line number="352" hits="2"/>
						<line number="361" hits="1"/>
						<line number="362" hits="1"/>
						<line number="363" hits="1"/>
						<line number="364" hits="0"/>
						<line number="365" hits="1"/>
						<line number="368" hits="0"/>
						<line number="373" hits="0"/>
						<line number="374" hits="0"/>
						<line number="375" hits="0"/>
					</lines>
				</class>
				<class name="bech32_fuzz_2_cpp" filename="fuzz/libspark/bech32_fuzz_2.cpp" branch-rate="1.0" complexity="1.0" line-rate="0.625">
					<lines>
						<line number="15" hits="0"/>
						<line number="16" hits="0"/>
						<line number="17" hits="0"/>
						<line number="18" hits="0"/>
						<line number="19" hits="0"/>
						<line number="20" hits="0"/>
						<line number="21" hits="0"/>
						<line number="22" hits="0"/>
						<line number="23" hits="0"/>
						<line number="24" hits="0"/>
						<line number="25" hits="0"/>
						<line number="27" hits="2"/>
						<line number="28" hits="1"/>
						<line number="30" hits="1"/>
						<line number="32" hits="1"/>
						<line number="33" hits="1"/>
						<line number="34" hits="1"/>
						<line number="35" hits="1"/>
						<line number="36" hits="1"/>
						<line number="37" hits="0"/>
						<line number="38" hits="0"/>
						<line number="39" hits="0"/>
						<line number="40" hits="0"/>
						<line number="42" hits="1"/>
						<line number="43" hits="1"/>
						<line number="44" hits="1"/>
						<line number="45" hits="1"/>
						<line number="46" hits="1"/>
						<line number="47" hits="1"/>
						<line number="49" hits="1"/>
						<line number="50" hits="2"/>
						<line number="51" hits="1"/>
						<line number="52" hits="1"/>
						<line number="54" hits="1"/>
						<line number="55" hits="1"/>
						<line number="56" hits="1"/>
						<line number="57" hits="1"/>
						<line number="58" hits="1"/>
						<line number="59" hits="1"/>
						<line number="62" hits="1"/>
					</lines>
				</class>
			</classes>
		</package>
	</packages>
</coverage>
